2025-08-15 16:05:54,189 - INFO - /home/computron/miniconda/lib/python3.12/site-packages/abstract_paths/file_handlers/file_readers.py - Loading file /var/www/html/clownworld/bolshevid/build/logo.svg with extension '.svg'.
2025-08-15 16:05:54,199 - INFO - /home/computron/miniconda/lib/python3.12/site-packages/abstract_paths/file_handlers/file_readers.py - Loading file /var/www/html/clownworld/bolshevid/build/logo512.png with extension '.png'.
2025-08-15 16:05:54,202 - ERROR - /home/computron/miniconda/lib/python3.12/site-packages/abstract_paths/file_handlers/file_readers.py - Failed to read '/var/www/html/clownworld/bolshevid/build/logo512.png': 'utf-8' codec can't decode byte 0x89 in position 0: invalid start byte
2025-08-15 16:05:54,214 - INFO - /home/computron/miniconda/lib/python3.12/site-packages/abstract_paths/file_handlers/file_readers.py - Loading file /var/www/html/clownworld/bolshevid/build/favicon.ico with extension '.ico'.
2025-08-15 16:05:54,226 - ERROR - /home/computron/miniconda/lib/python3.12/site-packages/abstract_paths/file_handlers/file_readers.py - Failed to read '/var/www/html/clownworld/bolshevid/build/favicon.ico': 'utf-8' codec can't decode byte 0xe3 in position 14: invalid continuation byte
2025-08-15 16:05:54,253 - INFO - /home/computron/miniconda/lib/python3.12/site-packages/abstract_paths/file_handlers/file_readers.py - Loading file /var/www/html/clownworld/bolshevid/build/manifest.json with extension '.json'.
2025-08-15 16:05:54,280 - INFO - /home/computron/miniconda/lib/python3.12/site-packages/abstract_paths/file_handlers/file_readers.py - Loading file /var/www/html/clownworld/bolshevid/build/logo192.png with extension '.png'.
2025-08-15 16:05:54,294 - ERROR - /home/computron/miniconda/lib/python3.12/site-packages/abstract_paths/file_handlers/file_readers.py - Failed to read '/var/www/html/clownworld/bolshevid/build/logo192.png': 'utf-8' codec can't decode byte 0x89 in position 0: invalid start byte
2025-08-15 16:05:54,321 - INFO - /home/computron/miniconda/lib/python3.12/site-packages/abstract_paths/file_handlers/file_readers.py - Loading file /var/www/html/clownworld/bolshevid/build/robots.txt with extension '.txt'.
2025-08-15 16:16:08,013 - INFO - /home/computron/miniconda/lib/python3.12/site-packages/abstract_paths/file_handlers/file_readers.py - Loading file /var/www/html/clownworld/bolshevid/yarn.lock with extension '.lock'.
2025-08-15 16:16:08,050 - INFO - /home/computron/miniconda/lib/python3.12/site-packages/abstract_paths/file_handlers/file_readers.py - Loading file /var/www/html/clownworld/bolshevid/webpack.config.js with extension '.js'.
2025-08-15 16:16:08,054 - INFO - /home/computron/miniconda/lib/python3.12/site-packages/abstract_paths/file_handlers/file_readers.py - Loading file /var/www/html/clownworld/bolshevid/rollup.config.js with extension '.js'.
2025-08-15 16:16:08,075 - INFO - /home/computron/miniconda/lib/python3.12/site-packages/abstract_paths/file_handlers/file_readers.py - Loading file /var/www/html/clownworld/bolshevid/tsconfig.json with extension '.json'.
2025-08-15 16:16:08,100 - INFO - /home/computron/miniconda/lib/python3.12/site-packages/abstract_paths/file_handlers/file_readers.py - Loading file /var/www/html/clownworld/bolshevid/junk.zip with extension '.zip'.
2025-08-15 16:16:08,127 - ERROR - /home/computron/miniconda/lib/python3.12/site-packages/abstract_paths/file_handlers/file_readers.py - Failed to read '/var/www/html/clownworld/bolshevid/junk.zip': 'utf-8' codec can't decode byte 0xb6 in position 11: invalid start byte
2025-08-15 16:16:08,141 - INFO - /home/computron/miniconda/lib/python3.12/site-packages/abstract_paths/file_handlers/file_readers.py - Loading file /var/www/html/clownworld/bolshevid/package.json with extension '.json'.
2025-08-15 16:16:08,155 - INFO - /home/computron/miniconda/lib/python3.12/site-packages/abstract_paths/file_handlers/file_readers.py - Loading file /var/www/html/clownworld/bolshevid/start_analysis.py with extension '.py'.
2025-08-15 16:16:08,187 - INFO - /home/computron/miniconda/lib/python3.12/site-packages/abstract_paths/file_handlers/file_readers.py - Loading file /var/www/html/clownworld/bolshevid/src.zip with extension '.zip'.
2025-08-15 16:16:08,211 - ERROR - /home/computron/miniconda/lib/python3.12/site-packages/abstract_paths/file_handlers/file_readers.py - Failed to read '/var/www/html/clownworld/bolshevid/src.zip': 'utf-8' codec can't decode byte 0x80 in position 10: invalid start byte
2025-08-15 16:16:08,236 - INFO - /home/computron/miniconda/lib/python3.12/site-packages/abstract_paths/file_handlers/file_readers.py - Loading file /var/www/html/clownworld/bolshevid/babel.config.json with extension '.json'.
2025-08-15 16:16:08,263 - INFO - /home/computron/miniconda/lib/python3.12/site-packages/abstract_paths/file_handlers/file_readers.py - Loading file /var/www/html/clownworld/bolshevid/README.md with extension '.md'.
2025-08-15 16:16:08,290 - INFO - /home/computron/miniconda/lib/python3.12/site-packages/abstract_paths/file_handlers/file_readers.py - Loading file /var/www/html/clownworld/bolshevid/data/import_tools/import-graph.json with extension '.json'.
2025-08-15 16:16:08,317 - INFO - /home/computron/miniconda/lib/python3.12/site-packages/abstract_paths/file_handlers/file_readers.py - Loading file /var/www/html/clownworld/bolshevid/data/import_tools/graph.dot with extension '.dot'.
2025-08-15 16:16:08,343 - INFO - /home/computron/miniconda/lib/python3.12/site-packages/abstract_paths/file_handlers/file_readers.py - Loading file /var/www/html/clownworld/bolshevid/src/vite-env.d.ts with extension '.ts'.
2025-08-15 16:16:08,368 - INFO - /home/computron/miniconda/lib/python3.12/site-packages/abstract_paths/file_handlers/file_readers.py - Loading file /var/www/html/clownworld/bolshevid/src/index.tsx with extension '.tsx'.
2025-08-15 16:16:08,394 - INFO - /home/computron/miniconda/lib/python3.12/site-packages/abstract_paths/file_handlers/file_readers.py - Loading file /var/www/html/clownworld/bolshevid/src/setupTests.js with extension '.js'.
2025-08-15 16:16:08,412 - INFO - /home/computron/miniconda/lib/python3.12/site-packages/abstract_paths/file_handlers/file_readers.py - Loading file /var/www/html/clownworld/bolshevid/src/main.tsx with extension '.tsx'.
2025-08-15 16:16:08,424 - INFO - /home/computron/miniconda/lib/python3.12/site-packages/abstract_paths/file_handlers/file_readers.py - Loading file /var/www/html/clownworld/bolshevid/src/react-app-env.d.ts with extension '.ts'.
2025-08-15 16:16:08,426 - INFO - /home/computron/miniconda/lib/python3.12/site-packages/abstract_paths/file_handlers/file_readers.py - Loading file /var/www/html/clownworld/bolshevid/src/reportWebVitals.js with extension '.js'.
2025-08-15 16:16:08,439 - INFO - /home/computron/miniconda/lib/python3.12/site-packages/abstract_paths/file_handlers/file_readers.py - Loading file /var/www/html/clownworld/bolshevid/src/assets/react.svg with extension '.svg'.
2025-08-15 16:16:08,449 - INFO - /home/computron/miniconda/lib/python3.12/site-packages/abstract_paths/file_handlers/file_readers.py - Loading file /var/www/html/clownworld/bolshevid/src/test/App.test.js with extension '.js'.
2025-08-15 16:16:08,462 - INFO - /home/computron/miniconda/lib/python3.12/site-packages/abstract_paths/file_handlers/file_readers.py - Loading file /var/www/html/clownworld/bolshevid/src/functions/index.ts with extension '.ts'.
2025-08-15 16:16:08,477 - INFO - /home/computron/miniconda/lib/python3.12/site-packages/abstract_paths/file_handlers/file_readers.py - Loading file /var/www/html/clownworld/bolshevid/src/functions/imports.ts with extension '.ts'.
2025-08-15 16:16:08,505 - INFO - /home/computron/miniconda/lib/python3.12/site-packages/abstract_paths/file_handlers/file_readers.py - Loading file /var/www/html/clownworld/bolshevid/src/functions/src/user_utils.ts with extension '.ts'.
2025-08-15 16:16:08,521 - INFO - /home/computron/miniconda/lib/python3.12/site-packages/abstract_paths/file_handlers/file_readers.py - Loading file /var/www/html/clownworld/bolshevid/src/functions/src/apiCalls.ts with extension '.ts'.
2025-08-15 16:16:08,539 - INFO - /home/computron/miniconda/lib/python3.12/site-packages/abstract_paths/file_handlers/file_readers.py - Loading file /var/www/html/clownworld/bolshevid/src/functions/src/metadata.ts with extension '.ts'.
2025-08-15 16:16:08,551 - INFO - /home/computron/miniconda/lib/python3.12/site-packages/abstract_paths/file_handlers/file_readers.py - Loading file /var/www/html/clownworld/bolshevid/src/functions/src/index.ts with extension '.ts'.
2025-08-15 16:16:08,575 - INFO - /home/computron/miniconda/lib/python3.12/site-packages/abstract_paths/file_handlers/file_readers.py - Loading file /var/www/html/clownworld/bolshevid/src/functions/src/bolshevid_utils.ts with extension '.ts'.
2025-08-15 16:16:08,590 - INFO - /home/computron/miniconda/lib/python3.12/site-packages/abstract_paths/file_handlers/file_readers.py - Loading file /var/www/html/clownworld/bolshevid/src/functions/src/submit/handleDownload.ts with extension '.ts'.
2025-08-15 16:16:08,593 - INFO - /home/computron/miniconda/lib/python3.12/site-packages/abstract_paths/file_handlers/file_readers.py - Loading file /var/www/html/clownworld/bolshevid/src/functions/src/submit/handleShare.ts with extension '.ts'.
2025-08-15 16:16:08,602 - INFO - /home/computron/miniconda/lib/python3.12/site-packages/abstract_paths/file_handlers/file_readers.py - Loading file /var/www/html/clownworld/bolshevid/src/functions/src/submit/index.ts with extension '.ts'.
2025-08-15 16:16:08,612 - INFO - /home/computron/miniconda/lib/python3.12/site-packages/abstract_paths/file_handlers/file_readers.py - Loading file /var/www/html/clownworld/bolshevid/src/functions/src/submit/handleSubmit.ts with extension '.ts'.
2025-08-15 16:16:08,622 - INFO - /home/computron/miniconda/lib/python3.12/site-packages/abstract_paths/file_handlers/file_readers.py - Loading file /var/www/html/clownworld/bolshevid/src/functions/src/video_utils/info_utils.ts with extension '.ts'.
2025-08-15 16:16:08,642 - INFO - /home/computron/miniconda/lib/python3.12/site-packages/abstract_paths/file_handlers/file_readers.py - Loading file /var/www/html/clownworld/bolshevid/src/functions/src/video_utils/download_utils.ts with extension '.ts'.
2025-08-15 16:16:08,656 - INFO - /home/computron/miniconda/lib/python3.12/site-packages/abstract_paths/file_handlers/file_readers.py - Loading file /var/www/html/clownworld/bolshevid/src/functions/src/video_utils/index.ts with extension '.ts'.
2025-08-15 16:16:08,668 - INFO - /home/computron/miniconda/lib/python3.12/site-packages/abstract_paths/file_handlers/file_readers.py - Loading file /var/www/html/clownworld/bolshevid/src/functions/src/video_utils/crop_utils.ts with extension '.ts'.
2025-08-15 16:16:08,682 - INFO - /home/computron/miniconda/lib/python3.12/site-packages/abstract_paths/file_handlers/file_readers.py - Loading file /var/www/html/clownworld/bolshevid/src/functions/logs/video_bp.log with extension '.log'.
2025-08-15 16:16:08,693 - INFO - /home/computron/miniconda/lib/python3.12/site-packages/abstract_paths/file_handlers/file_readers.py - Loading file /var/www/html/clownworld/bolshevid/src/styles/index.css with extension '.css'.
2025-08-15 16:16:08,715 - INFO - /home/computron/miniconda/lib/python3.12/site-packages/abstract_paths/file_handlers/file_readers.py - Loading file /var/www/html/clownworld/bolshevid/src/styles/App.css with extension '.css'.
2025-08-15 16:16:08,741 - INFO - /home/computron/miniconda/lib/python3.12/site-packages/abstract_paths/file_handlers/file_readers.py - Loading file /var/www/html/clownworld/bolshevid/src/styles/Home.module.css with extension '.css'.
2025-08-15 16:16:08,765 - INFO - /home/computron/miniconda/lib/python3.12/site-packages/abstract_paths/file_handlers/file_readers.py - Loading file /var/www/html/clownworld/bolshevid/src/styles/navbar/style2.css with extension '.css'.
2025-08-15 16:16:08,778 - INFO - /home/computron/miniconda/lib/python3.12/site-packages/abstract_paths/file_handlers/file_readers.py - Loading file /var/www/html/clownworld/bolshevid/src/styles/navbar/index.css with extension '.css'.
2025-08-15 16:16:08,800 - INFO - /home/computron/miniconda/lib/python3.12/site-packages/abstract_paths/file_handlers/file_readers.py - Loading file /var/www/html/clownworld/bolshevid/src/styles/navbar/navbar-style.css with extension '.css'.
2025-08-15 16:16:08,807 - INFO - /home/computron/miniconda/lib/python3.12/site-packages/abstract_paths/file_handlers/file_readers.py - Loading file /var/www/html/clownworld/bolshevid/src/styles/navbar/styles.css with extension '.css'.
2025-08-15 16:16:08,829 - INFO - /home/computron/miniconda/lib/python3.12/site-packages/abstract_paths/file_handlers/file_readers.py - Loading file /var/www/html/clownworld/bolshevid/src/styles/secure_files/index.css with extension '.css'.
2025-08-15 16:16:08,838 - INFO - /home/computron/miniconda/lib/python3.12/site-packages/abstract_paths/file_handlers/file_readers.py - Loading file /var/www/html/clownworld/bolshevid/src/styles/secure_files/tailwind.css with extension '.css'.
2025-08-15 16:16:08,864 - INFO - /home/computron/miniconda/lib/python3.12/site-packages/abstract_paths/file_handlers/file_readers.py - Loading file /var/www/html/clownworld/bolshevid/src/styles/secure_files/App.css with extension '.css'.
2025-08-15 16:16:08,878 - INFO - /home/computron/miniconda/lib/python3.12/site-packages/abstract_paths/file_handlers/file_readers.py - Loading file /var/www/html/clownworld/bolshevid/src/styles/secure_files/window-manager.css with extension '.css'.
2025-08-15 16:16:08,890 - INFO - /home/computron/miniconda/lib/python3.12/site-packages/abstract_paths/file_handlers/file_readers.py - Loading file /var/www/html/clownworld/bolshevid/src/styles/secure_files/logs/clipit_logs.log with extension '.log'.
2025-08-15 16:16:08,904 - INFO - /home/computron/miniconda/lib/python3.12/site-packages/abstract_paths/file_handlers/file_readers.py - Loading file /var/www/html/clownworld/bolshevid/src/styles/secure_files/logs/routes_bp.log with extension '.log'.
2025-08-15 16:16:08,908 - INFO - /home/computron/miniconda/lib/python3.12/site-packages/abstract_paths/file_handlers/file_readers.py - Loading file /var/www/html/clownworld/bolshevid/src/styles/app/index.css with extension '.css'.
2025-08-15 16:16:08,911 - INFO - /home/computron/miniconda/lib/python3.12/site-packages/abstract_paths/file_handlers/file_readers.py - Loading file /var/www/html/clownworld/bolshevid/src/styles/app/App.css with extension '.css'.
2025-08-15 16:16:08,914 - INFO - /home/computron/miniconda/lib/python3.12/site-packages/abstract_paths/file_handlers/file_readers.py - Loading file /var/www/html/clownworld/bolshevid/src/api/secureFiles.ts with extension '.ts'.
2025-08-15 16:16:08,925 - INFO - /home/computron/miniconda/lib/python3.12/site-packages/abstract_paths/file_handlers/file_readers.py - Loading file /var/www/html/clownworld/bolshevid/src/interfaces/VideoInterfaces.ts with extension '.ts'.
2025-08-15 16:16:08,952 - INFO - /home/computron/miniconda/lib/python3.12/site-packages/abstract_paths/file_handlers/file_readers.py - Loading file /var/www/html/clownworld/bolshevid/src/interfaces/nano.ts with extension '.ts'.
2025-08-15 16:16:08,976 - INFO - /home/computron/miniconda/lib/python3.12/site-packages/abstract_paths/file_handlers/file_readers.py - Loading file /var/www/html/clownworld/bolshevid/src/interfaces/newInterfaces.ts with extension '.ts'.
2025-08-15 16:16:09,000 - INFO - /home/computron/miniconda/lib/python3.12/site-packages/abstract_paths/file_handlers/file_readers.py - Loading file /var/www/html/clownworld/bolshevid/src/interfaces/videoFormInterfaces.ts with extension '.ts'.
2025-08-15 16:16:09,019 - INFO - /home/computron/miniconda/lib/python3.12/site-packages/abstract_paths/file_handlers/file_readers.py - Loading file /var/www/html/clownworld/bolshevid/src/interfaces/index.ts with extension '.ts'.
2025-08-15 16:16:09,033 - INFO - /home/computron/miniconda/lib/python3.12/site-packages/abstract_paths/file_handlers/file_readers.py - Loading file /var/www/html/clownworld/bolshevid/src/interfaces/interfaces.ts with extension '.ts'.
2025-08-15 16:16:09,056 - INFO - /home/computron/miniconda/lib/python3.12/site-packages/abstract_paths/file_handlers/file_readers.py - Loading file /var/www/html/clownworld/bolshevid/src/interfaces/junk/Interfaces.ts with extension '.ts'.
2025-08-15 16:16:09,059 - INFO - /home/computron/miniconda/lib/python3.12/site-packages/abstract_paths/file_handlers/file_readers.py - Loading file /var/www/html/clownworld/bolshevid/src/utils/videoJoin.ts with extension '.ts'.
2025-08-15 16:16:09,073 - INFO - /home/computron/miniconda/lib/python3.12/site-packages/abstract_paths/file_handlers/file_readers.py - Loading file /var/www/html/clownworld/bolshevid/src/Components/VideoGallery.tsx with extension '.tsx'.
2025-08-15 16:16:09,086 - INFO - /home/computron/miniconda/lib/python3.12/site-packages/abstract_paths/file_handlers/file_readers.py - Loading file /var/www/html/clownworld/bolshevid/src/Components/auth_utils.zip with extension '.zip'.
2025-08-15 16:16:09,096 - ERROR - /home/computron/miniconda/lib/python3.12/site-packages/abstract_paths/file_handlers/file_readers.py - Failed to read '/var/www/html/clownworld/bolshevid/src/Components/auth_utils.zip': 'utf-8' codec can't decode byte 0xa1 in position 46: invalid start byte
2025-08-15 16:16:09,108 - INFO - /home/computron/miniconda/lib/python3.12/site-packages/abstract_paths/file_handlers/file_readers.py - Loading file /var/www/html/clownworld/bolshevid/src/Components/index.ts with extension '.ts'.
2025-08-15 16:16:09,131 - INFO - /home/computron/miniconda/lib/python3.12/site-packages/abstract_paths/file_handlers/file_readers.py - Loading file /var/www/html/clownworld/bolshevid/src/Components/Navbar2.zip with extension '.zip'.
2025-08-15 16:16:09,134 - ERROR - /home/computron/miniconda/lib/python3.12/site-packages/abstract_paths/file_handlers/file_readers.py - Failed to read '/var/www/html/clownworld/bolshevid/src/Components/Navbar2.zip': 'utf-8' codec can't decode byte 0x82 in position 10: invalid start byte
2025-08-15 16:16:09,145 - INFO - /home/computron/miniconda/lib/python3.12/site-packages/abstract_paths/file_handlers/file_readers.py - Loading file /var/www/html/clownworld/bolshevid/src/Components/VideoDownloader/Submit/index.ts with extension '.ts'.
2025-08-15 16:16:09,158 - INFO - /home/computron/miniconda/lib/python3.12/site-packages/abstract_paths/file_handlers/file_readers.py - Loading file /var/www/html/clownworld/bolshevid/src/Components/VideoDownloader/Submit/imports.ts with extension '.ts'.
2025-08-15 16:16:09,169 - INFO - /home/computron/miniconda/lib/python3.12/site-packages/abstract_paths/file_handlers/file_readers.py - Loading file /var/www/html/clownworld/bolshevid/src/Components/VideoDownloader/Submit/src/Submit.ts with extension '.ts'.
2025-08-15 16:16:09,182 - INFO - /home/computron/miniconda/lib/python3.12/site-packages/abstract_paths/file_handlers/file_readers.py - Loading file /var/www/html/clownworld/bolshevid/src/Components/VideoDownloader/Submit/src/index.ts with extension '.ts'.
2025-08-15 16:16:09,195 - INFO - /home/computron/miniconda/lib/python3.12/site-packages/abstract_paths/file_handlers/file_readers.py - Loading file /var/www/html/clownworld/bolshevid/src/Components/Props/index.ts with extension '.ts'.
2025-08-15 16:16:09,198 - INFO - /home/computron/miniconda/lib/python3.12/site-packages/abstract_paths/file_handlers/file_readers.py - Loading file /var/www/html/clownworld/bolshevid/src/Components/Props/Modal/Modal.tsx with extension '.tsx'.
2025-08-15 16:16:09,210 - INFO - /home/computron/miniconda/lib/python3.12/site-packages/abstract_paths/file_handlers/file_readers.py - Loading file /var/www/html/clownworld/bolshevid/src/Components/Props/Modal/index.ts with extension '.ts'.
2025-08-15 16:16:09,213 - INFO - /home/computron/miniconda/lib/python3.12/site-packages/abstract_paths/file_handlers/file_readers.py - Loading file /var/www/html/clownworld/bolshevid/src/Components/Props/Modal/Modal.module.css with extension '.css'.
2025-08-15 16:16:09,224 - INFO - /home/computron/miniconda/lib/python3.12/site-packages/abstract_paths/file_handlers/file_readers.py - Loading file /var/www/html/clownworld/bolshevid/src/Components/Props/CropButtons/CropButtons.tsx with extension '.tsx'.
2025-08-15 16:16:09,245 - INFO - /home/computron/miniconda/lib/python3.12/site-packages/abstract_paths/file_handlers/file_readers.py - Loading file /var/www/html/clownworld/bolshevid/src/Components/Props/CropButtons/index.ts with extension '.ts'.
2025-08-15 16:16:09,249 - INFO - /home/computron/miniconda/lib/python3.12/site-packages/abstract_paths/file_handlers/file_readers.py - Loading file /var/www/html/clownworld/bolshevid/src/Components/Props/CropButtons/CropButtons.module.css with extension '.css'.
2025-08-15 16:16:09,270 - INFO - /home/computron/miniconda/lib/python3.12/site-packages/abstract_paths/file_handlers/file_readers.py - Loading file /var/www/html/clownworld/bolshevid/src/Components/Navbar/index.ts with extension '.ts'.
2025-08-15 16:16:09,284 - INFO - /home/computron/miniconda/lib/python3.12/site-packages/abstract_paths/file_handlers/file_readers.py - Loading file /var/www/html/clownworld/bolshevid/src/Components/Navbar/style.css.save with extension '.save'.
2025-08-15 16:16:09,312 - INFO - /home/computron/miniconda/lib/python3.12/site-packages/abstract_paths/file_handlers/file_readers.py - Loading file /var/www/html/clownworld/bolshevid/src/Components/Navbar/imports.ts with extension '.ts'.
2025-08-15 16:16:09,327 - INFO - /home/computron/miniconda/lib/python3.12/site-packages/abstract_paths/file_handlers/file_readers.py - Loading file /var/www/html/clownworld/bolshevid/src/Components/Navbar/dropDowns/ForumsDropdown.tsx with extension '.tsx'.
2025-08-15 16:16:09,341 - INFO - /home/computron/miniconda/lib/python3.12/site-packages/abstract_paths/file_handlers/file_readers.py - Loading file /var/www/html/clownworld/bolshevid/src/Components/Navbar/dropDowns/index.ts with extension '.ts'.
2025-08-15 16:16:09,363 - INFO - /home/computron/miniconda/lib/python3.12/site-packages/abstract_paths/file_handlers/file_readers.py - Loading file /var/www/html/clownworld/bolshevid/src/Components/Navbar/Navbar/index.ts with extension '.ts'.
2025-08-15 16:16:09,367 - INFO - /home/computron/miniconda/lib/python3.12/site-packages/abstract_paths/file_handlers/file_readers.py - Loading file /var/www/html/clownworld/bolshevid/src/Components/Navbar/Navbar/style.css with extension '.css'.
2025-08-15 16:16:09,386 - INFO - /home/computron/miniconda/lib/python3.12/site-packages/abstract_paths/file_handlers/file_readers.py - Loading file /var/www/html/clownworld/bolshevid/src/Components/Navbar/Navbar/Navbar.tsx with extension '.tsx'.
2025-08-15 16:16:09,400 - INFO - /home/computron/miniconda/lib/python3.12/site-packages/abstract_paths/file_handlers/file_readers.py - Loading file /var/www/html/clownworld/bolshevid/src/Components/Navbar/navbarElements/index.ts with extension '.ts'.
2025-08-15 16:16:09,413 - INFO - /home/computron/miniconda/lib/python3.12/site-packages/abstract_paths/file_handlers/file_readers.py - Loading file /var/www/html/clownworld/bolshevid/src/Components/Navbar/navbarElements/dropDowns.ts with extension '.ts'.
2025-08-15 16:16:09,427 - INFO - /home/computron/miniconda/lib/python3.12/site-packages/abstract_paths/file_handlers/file_readers.py - Loading file /var/www/html/clownworld/bolshevid/src/Components/Navbar/navbarElements/NavbarElements.tsx with extension '.tsx'.
2025-08-15 16:16:09,453 - INFO - /home/computron/miniconda/lib/python3.12/site-packages/abstract_paths/file_handlers/file_readers.py - Loading file /var/www/html/clownworld/bolshevid/src/Components/Navbar/navLinks/NavLinks.tsx with extension '.tsx'.
2025-08-15 16:16:09,480 - INFO - /home/computron/miniconda/lib/python3.12/site-packages/abstract_paths/file_handlers/file_readers.py - Loading file /var/www/html/clownworld/bolshevid/src/Components/Navbar/navLinks/index.ts with extension '.ts'.
2025-08-15 16:16:09,502 - INFO - /home/computron/miniconda/lib/python3.12/site-packages/abstract_paths/file_handlers/file_readers.py - Loading file /var/www/html/clownworld/bolshevid/src/Components/Navbar/tools/ToolViewer.tsx with extension '.tsx'.
2025-08-15 16:16:09,506 - INFO - /home/computron/miniconda/lib/python3.12/site-packages/abstract_paths/file_handlers/file_readers.py - Loading file /var/www/html/clownworld/bolshevid/src/Components/Navbar/tools/index.ts with extension '.ts'.
2025-08-15 16:16:09,525 - INFO - /home/computron/miniconda/lib/python3.12/site-packages/abstract_paths/file_handlers/file_readers.py - Loading file /var/www/html/clownworld/bolshevid/src/Components/test/index.ts with extension '.ts'.
2025-08-15 16:16:09,549 - INFO - /home/computron/miniconda/lib/python3.12/site-packages/abstract_paths/file_handlers/file_readers.py - Loading file /var/www/html/clownworld/bolshevid/src/Components/test/SecureTest/index.ts with extension '.ts'.
2025-08-15 16:16:09,552 - INFO - /home/computron/miniconda/lib/python3.12/site-packages/abstract_paths/file_handlers/file_readers.py - Loading file /var/www/html/clownworld/bolshevid/src/Components/test/SecureTest/SecureTest.tsx with extension '.tsx'.
2025-08-15 16:16:09,573 - INFO - /home/computron/miniconda/lib/python3.12/site-packages/abstract_paths/file_handlers/file_readers.py - Loading file /var/www/html/clownworld/bolshevid/src/Components/Sections/index.ts with extension '.ts'.
2025-08-15 16:16:09,600 - INFO - /home/computron/miniconda/lib/python3.12/site-packages/abstract_paths/file_handlers/file_readers.py - Loading file /var/www/html/clownworld/bolshevid/src/Components/Sections/VideoThumbnailGrid/VideoThumbnailGrid.module.css with extension '.css'.
2025-08-15 16:16:09,627 - INFO - /home/computron/miniconda/lib/python3.12/site-packages/abstract_paths/file_handlers/file_readers.py - Loading file /var/www/html/clownworld/bolshevid/src/Components/Sections/VideoThumbnailGrid/VideosGridPage.tsx with extension '.tsx'.
2025-08-15 16:16:09,652 - INFO - /home/computron/miniconda/lib/python3.12/site-packages/abstract_paths/file_handlers/file_readers.py - Loading file /var/www/html/clownworld/bolshevid/src/Components/Sections/VideoThumbnailGrid/index.ts with extension '.ts'.
2025-08-15 16:16:09,676 - INFO - /home/computron/miniconda/lib/python3.12/site-packages/abstract_paths/file_handlers/file_readers.py - Loading file /var/www/html/clownworld/bolshevid/src/Components/Sections/VideoThumbnailGrid/VideoGridClient.tsx with extension '.tsx'.
2025-08-15 16:16:09,702 - INFO - /home/computron/miniconda/lib/python3.12/site-packages/abstract_paths/file_handlers/file_readers.py - Loading file /var/www/html/clownworld/bolshevid/src/Components/Sections/VideoThumbnailGrid/VideosGridPage.module.css with extension '.css'.
2025-08-15 16:16:09,726 - INFO - /home/computron/miniconda/lib/python3.12/site-packages/abstract_paths/file_handlers/file_readers.py - Loading file /var/www/html/clownworld/bolshevid/src/Components/Sections/VideoThumbnailGrid/VideoThumbnailGrid.tsx with extension '.tsx'.
2025-08-15 16:16:09,748 - INFO - /home/computron/miniconda/lib/python3.12/site-packages/abstract_paths/file_handlers/file_readers.py - Loading file /var/www/html/clownworld/bolshevid/src/Components/Sections/Players/index.ts with extension '.ts'.
2025-08-15 16:16:09,762 - INFO - /home/computron/miniconda/lib/python3.12/site-packages/abstract_paths/file_handlers/file_readers.py - Loading file /var/www/html/clownworld/bolshevid/src/Components/Sections/Players/VideoPlayer/VideoPlayer.tsx with extension '.tsx'.
2025-08-15 16:16:09,775 - INFO - /home/computron/miniconda/lib/python3.12/site-packages/abstract_paths/file_handlers/file_readers.py - Loading file /var/www/html/clownworld/bolshevid/src/Components/Sections/Players/VideoPlayer/index.ts with extension '.ts'.
2025-08-15 16:16:09,793 - INFO - /home/computron/miniconda/lib/python3.12/site-packages/abstract_paths/file_handlers/file_readers.py - Loading file /var/www/html/clownworld/bolshevid/src/Components/Sections/Players/VideoPlayer/VideoPlayer.module.css with extension '.css'.
2025-08-15 16:16:09,818 - INFO - /home/computron/miniconda/lib/python3.12/site-packages/abstract_paths/file_handlers/file_readers.py - Loading file /var/www/html/clownworld/bolshevid/src/Components/Sections/VideoCropper/VideoCropper.module.css with extension '.css'.
2025-08-15 16:16:09,842 - INFO - /home/computron/miniconda/lib/python3.12/site-packages/abstract_paths/file_handlers/file_readers.py - Loading file /var/www/html/clownworld/bolshevid/src/Components/Sections/VideoCropper/index.ts with extension '.ts'.
2025-08-15 16:16:09,856 - INFO - /home/computron/miniconda/lib/python3.12/site-packages/abstract_paths/file_handlers/file_readers.py - Loading file /var/www/html/clownworld/bolshevid/src/Components/Sections/VideoCropper/VideoCropper.tsx with extension '.tsx'.
2025-08-15 16:16:09,878 - INFO - /home/computron/miniconda/lib/python3.12/site-packages/abstract_paths/file_handlers/file_readers.py - Loading file /var/www/html/clownworld/bolshevid/src/Components/Sections/Headers/index.ts with extension '.ts'.
2025-08-15 16:16:09,905 - INFO - /home/computron/miniconda/lib/python3.12/site-packages/abstract_paths/file_handlers/file_readers.py - Loading file /var/www/html/clownworld/bolshevid/src/Components/Sections/Headers/VideoHeader/VideoHeader.module.css with extension '.css'.
2025-08-15 16:16:09,933 - INFO - /home/computron/miniconda/lib/python3.12/site-packages/abstract_paths/file_handlers/file_readers.py - Loading file /var/www/html/clownworld/bolshevid/src/Components/Sections/Headers/VideoHeader/index.ts with extension '.ts'.
2025-08-15 16:16:09,955 - INFO - /home/computron/miniconda/lib/python3.12/site-packages/abstract_paths/file_handlers/file_readers.py - Loading file /var/www/html/clownworld/bolshevid/src/Components/Sections/Headers/VideoHeader/VideoHeader.jsx with extension '.jsx'.
2025-08-15 16:16:09,977 - INFO - /home/computron/miniconda/lib/python3.12/site-packages/abstract_paths/file_handlers/file_readers.py - Loading file /var/www/html/clownworld/bolshevid/src/Components/Sections/Footers/index.ts with extension '.ts'.
2025-08-15 16:16:10,000 - INFO - /home/computron/miniconda/lib/python3.12/site-packages/abstract_paths/file_handlers/file_readers.py - Loading file /var/www/html/clownworld/bolshevid/src/Components/Sections/Footers/VideoFooter/VideoFooter.jsx with extension '.jsx'.
2025-08-15 16:16:10,021 - INFO - /home/computron/miniconda/lib/python3.12/site-packages/abstract_paths/file_handlers/file_readers.py - Loading file /var/www/html/clownworld/bolshevid/src/Components/Sections/Footers/VideoFooter/index.ts with extension '.ts'.
2025-08-15 16:16:10,046 - INFO - /home/computron/miniconda/lib/python3.12/site-packages/abstract_paths/file_handlers/file_readers.py - Loading file /var/www/html/clownworld/bolshevid/src/Components/Sections/Footers/VideoFooter/VideoFooter.module.css with extension '.css'.
2025-08-15 16:16:10,071 - INFO - /home/computron/miniconda/lib/python3.12/site-packages/abstract_paths/file_handlers/file_readers.py - Loading file /var/www/html/clownworld/bolshevid/src/Components/BolshevidInput/BolshevidInput.tsx with extension '.tsx'.
2025-08-15 16:16:10,096 - INFO - /home/computron/miniconda/lib/python3.12/site-packages/abstract_paths/file_handlers/file_readers.py - Loading file /var/www/html/clownworld/bolshevid/src/Components/BolshevidInput/index.ts with extension '.ts'.
2025-08-15 16:16:10,119 - INFO - /home/computron/miniconda/lib/python3.12/site-packages/abstract_paths/file_handlers/file_readers.py - Loading file /var/www/html/clownworld/bolshevid/src/Components/Meta/index.ts with extension '.ts'.
2025-08-15 16:16:10,144 - INFO - /home/computron/miniconda/lib/python3.12/site-packages/abstract_paths/file_handlers/file_readers.py - Loading file /var/www/html/clownworld/bolshevid/src/Components/Meta/Trackers/index.ts with extension '.ts'.
2025-08-15 16:16:10,165 - INFO - /home/computron/miniconda/lib/python3.12/site-packages/abstract_paths/file_handlers/file_readers.py - Loading file /var/www/html/clownworld/bolshevid/src/Components/Meta/Trackers/TrackPlays/TrackPlays.tsx with extension '.tsx'.
2025-08-15 16:16:10,190 - INFO - /home/computron/miniconda/lib/python3.12/site-packages/abstract_paths/file_handlers/file_readers.py - Loading file /var/www/html/clownworld/bolshevid/src/Components/Meta/Trackers/TrackPlays/index.ts with extension '.ts'.
2025-08-15 16:16:10,214 - INFO - /home/computron/miniconda/lib/python3.12/site-packages/abstract_paths/file_handlers/file_readers.py - Loading file /var/www/html/clownworld/bolshevid/src/Components/Meta/UrlCheckbox/UrlCheckbox.tsx with extension '.tsx'.
2025-08-15 16:16:10,239 - INFO - /home/computron/miniconda/lib/python3.12/site-packages/abstract_paths/file_handlers/file_readers.py - Loading file /var/www/html/clownworld/bolshevid/src/Components/Meta/UrlCheckbox/index.ts with extension '.ts'.
2025-08-15 16:16:10,263 - INFO - /home/computron/miniconda/lib/python3.12/site-packages/abstract_paths/file_handlers/file_readers.py - Loading file /var/www/html/clownworld/bolshevid/src/Components/Meta/UrlCheckbox/UrlCheckbox.module.css with extension '.css'.
2025-08-15 16:16:10,286 - INFO - /home/computron/miniconda/lib/python3.12/site-packages/abstract_paths/file_handlers/file_readers.py - Loading file /var/www/html/clownworld/bolshevid/src/Components/Meta/Details/index.ts with extension '.ts'.
2025-08-15 16:16:10,309 - INFO - /home/computron/miniconda/lib/python3.12/site-packages/abstract_paths/file_handlers/file_readers.py - Loading file /var/www/html/clownworld/bolshevid/src/Components/Meta/Details/VideoDetails/VideoDetails.module.css with extension '.css'.
2025-08-15 16:16:10,331 - INFO - /home/computron/miniconda/lib/python3.12/site-packages/abstract_paths/file_handlers/file_readers.py - Loading file /var/www/html/clownworld/bolshevid/src/Components/Meta/Details/VideoDetails/index.ts with extension '.ts'.
2025-08-15 16:16:10,355 - INFO - /home/computron/miniconda/lib/python3.12/site-packages/abstract_paths/file_handlers/file_readers.py - Loading file /var/www/html/clownworld/bolshevid/src/Components/Meta/Details/VideoDetails/VideoDetails.tsx with extension '.tsx'.
2025-08-15 16:16:10,378 - INFO - /home/computron/miniconda/lib/python3.12/site-packages/abstract_paths/file_handlers/file_readers.py - Loading file /var/www/html/clownworld/bolshevid/src/Components/SocialButtons/SocialButtons.tsx with extension '.tsx'.
2025-08-15 16:16:10,398 - INFO - /home/computron/miniconda/lib/python3.12/site-packages/abstract_paths/file_handlers/file_readers.py - Loading file /var/www/html/clownworld/bolshevid/src/Components/SocialButtons/index.ts with extension '.ts'.
2025-08-15 16:16:10,423 - INFO - /home/computron/miniconda/lib/python3.12/site-packages/abstract_paths/file_handlers/file_readers.py - Loading file /var/www/html/clownworld/bolshevid/src/Components/SocialButtons/src/lib/socialShareUtils.ts with extension '.ts'.
2025-08-15 16:16:10,444 - INFO - /home/computron/miniconda/lib/python3.12/site-packages/abstract_paths/file_handlers/file_readers.py - Loading file /var/www/html/clownworld/bolshevid/src/Components/Handles/index.ts with extension '.ts'.
2025-08-15 16:16:10,468 - INFO - /home/computron/miniconda/lib/python3.12/site-packages/abstract_paths/file_handlers/file_readers.py - Loading file /var/www/html/clownworld/bolshevid/src/Components/Handles/VideoSubmit/index.ts with extension '.ts'.
2025-08-15 16:16:10,492 - INFO - /home/computron/miniconda/lib/python3.12/site-packages/abstract_paths/file_handlers/file_readers.py - Loading file /var/www/html/clownworld/bolshevid/src/Components/Handles/VideoSubmit/VideoSubmit.tsx with extension '.tsx'.
2025-08-15 16:16:10,514 - INFO - /home/computron/miniconda/lib/python3.12/site-packages/abstract_paths/file_handlers/file_readers.py - Loading file /var/www/html/clownworld/bolshevid/src/Components/reportWebVitals/reportWebVitals.tsx with extension '.tsx'.
2025-08-15 16:16:10,539 - INFO - /home/computron/miniconda/lib/python3.12/site-packages/abstract_paths/file_handlers/file_readers.py - Loading file /var/www/html/clownworld/bolshevid/src/Components/reportWebVitals/index.ts with extension '.ts'.
2025-08-15 16:16:10,563 - INFO - /home/computron/miniconda/lib/python3.12/site-packages/abstract_paths/file_handlers/file_readers.py - Loading file /var/www/html/clownworld/bolshevid/src/Components/reportWebVitals/logs/clipit_logs.log with extension '.log'.
2025-08-15 16:16:10,585 - INFO - /home/computron/miniconda/lib/python3.12/site-packages/abstract_paths/file_handlers/file_readers.py - Loading file /var/www/html/clownworld/bolshevid/src/Components/reportWebVitals/logs/fetch_utils.log with extension '.log'.
2025-08-15 16:16:10,612 - INFO - /home/computron/miniconda/lib/python3.12/site-packages/abstract_paths/file_handlers/file_readers.py - Loading file /var/www/html/clownworld/bolshevid/src/Components/reportWebVitals/logs/query_utils.log with extension '.log'.
2025-08-15 16:16:10,636 - INFO - /home/computron/miniconda/lib/python3.12/site-packages/abstract_paths/file_handlers/file_readers.py - Loading file /var/www/html/clownworld/bolshevid/src/Components/reportWebVitals/logs/routes_bp.log with extension '.log'.
2025-08-15 16:16:10,663 - INFO - /home/computron/miniconda/lib/python3.12/site-packages/abstract_paths/file_handlers/file_readers.py - Loading file /var/www/html/clownworld/bolshevid/src/Components/reportWebVitals/logs/abstract_clipit.clipit.gui_frontend.drag_and_drop_component.imports.robust_readers.directory_reader.directory_reader.log with extension '.log'.
2025-08-15 16:16:10,686 - INFO - /home/computron/miniconda/lib/python3.12/site-packages/abstract_paths/file_handlers/file_readers.py - Loading file /var/www/html/clownworld/bolshevid/src/Components/reportWebVitals/logs/pair_data.log with extension '.log'.
2025-08-15 16:16:10,711 - INFO - /home/computron/miniconda/lib/python3.12/site-packages/abstract_paths/file_handlers/file_readers.py - Loading file /var/www/html/clownworld/bolshevid/src/Components/reportWebVitals/logs/abstract_flask.log with extension '.log'.
2025-08-15 16:16:10,724 - INFO - /home/computron/miniconda/lib/python3.12/site-packages/abstract_paths/file_handlers/file_readers.py - Loading file /var/www/html/clownworld/bolshevid/src/Components/App/index.ts with extension '.ts'.
2025-08-15 16:16:10,727 - INFO - /home/computron/miniconda/lib/python3.12/site-packages/abstract_paths/file_handlers/file_readers.py - Loading file /var/www/html/clownworld/bolshevid/src/Components/App/App.tsx with extension '.tsx'.
2025-08-15 16:16:10,758 - INFO - /home/computron/miniconda/lib/python3.12/site-packages/abstract_paths/file_handlers/file_readers.py - Loading file /var/www/html/clownworld/bolshevid/src/Components/Forms/index.ts with extension '.ts'.
2025-08-15 16:16:10,787 - INFO - /home/computron/miniconda/lib/python3.12/site-packages/abstract_paths/file_handlers/file_readers.py - Loading file /var/www/html/clownworld/bolshevid/src/Components/Forms/VideoUrl/VideoUrl.tsx with extension '.tsx'.
2025-08-15 16:16:10,816 - INFO - /home/computron/miniconda/lib/python3.12/site-packages/abstract_paths/file_handlers/file_readers.py - Loading file /var/www/html/clownworld/bolshevid/src/Components/Forms/VideoUrl/index.ts with extension '.ts'.
2025-08-15 16:16:10,835 - INFO - /home/computron/miniconda/lib/python3.12/site-packages/abstract_paths/file_handlers/file_readers.py - Loading file /var/www/html/clownworld/bolshevid/src/hooks/useVideoLibrary.ts with extension '.ts'.
2025-08-15 16:16:10,863 - INFO - /home/computron/miniconda/lib/python3.12/site-packages/abstract_paths/file_handlers/file_readers.py - Loading file /var/www/html/clownworld/bolshevid/logs/abstract_paths.file_handlers.file_readers.log with extension '.log'.
2025-08-15 16:16:10,887 - INFO - /home/computron/miniconda/lib/python3.12/site-packages/abstract_paths/file_handlers/file_readers.py - Loading file /var/www/html/clownworld/bolshevid/logs/clipit_logs.log with extension '.log'.
2025-08-15 16:16:10,900 - INFO - /home/computron/miniconda/lib/python3.12/site-packages/abstract_paths/file_handlers/file_readers.py - Loading file /var/www/html/clownworld/bolshevid/logs/fetch_utils.log with extension '.log'.
2025-08-15 16:16:10,927 - INFO - /home/computron/miniconda/lib/python3.12/site-packages/abstract_paths/file_handlers/file_readers.py - Loading file /var/www/html/clownworld/bolshevid/logs/query_utils.log with extension '.log'.
2025-08-15 16:16:10,952 - INFO - /home/computron/miniconda/lib/python3.12/site-packages/abstract_paths/file_handlers/file_readers.py - Loading file /var/www/html/clownworld/bolshevid/logs/routes_bp.log with extension '.log'.
2025-08-15 16:16:10,968 - INFO - /home/computron/miniconda/lib/python3.12/site-packages/abstract_paths/file_handlers/file_readers.py - Loading file /var/www/html/clownworld/bolshevid/logs/abstract_paths.file_handlers.directory_reader.log with extension '.log'.
2025-08-15 16:16:10,995 - INFO - /home/computron/miniconda/lib/python3.12/site-packages/abstract_paths/file_handlers/file_readers.py - Loading file /var/www/html/clownworld/bolshevid/logs/pair_data.log with extension '.log'.
2025-08-15 16:16:11,009 - INFO - /home/computron/miniconda/lib/python3.12/site-packages/abstract_paths/file_handlers/file_readers.py - Loading file /var/www/html/clownworld/bolshevid/logs/abstract_flask.log with extension '.log'.
2025-08-15 16:16:11,035 - INFO - /home/computron/miniconda/lib/python3.12/site-packages/abstract_paths/file_handlers/file_readers.py - Loading file /var/www/html/clownworld/bolshevid/public/logo.svg with extension '.svg'.
2025-08-15 16:16:11,066 - INFO - /home/computron/miniconda/lib/python3.12/site-packages/abstract_paths/file_handlers/file_readers.py - Loading file /var/www/html/clownworld/bolshevid/public/logo512.png with extension '.png'.
2025-08-15 16:16:11,094 - ERROR - /home/computron/miniconda/lib/python3.12/site-packages/abstract_paths/file_handlers/file_readers.py - Failed to read '/var/www/html/clownworld/bolshevid/public/logo512.png': 'utf-8' codec can't decode byte 0x89 in position 0: invalid start byte
2025-08-15 16:16:11,125 - INFO - /home/computron/miniconda/lib/python3.12/site-packages/abstract_paths/file_handlers/file_readers.py - Loading file /var/www/html/clownworld/bolshevid/public/index.html with extension '.html'.
2025-08-15 16:16:11,142 - INFO - /home/computron/miniconda/lib/python3.12/site-packages/abstract_paths/file_handlers/file_readers.py - Loading file /var/www/html/clownworld/bolshevid/public/favicon.ico with extension '.ico'.
2025-08-15 16:16:11,164 - ERROR - /home/computron/miniconda/lib/python3.12/site-packages/abstract_paths/file_handlers/file_readers.py - Failed to read '/var/www/html/clownworld/bolshevid/public/favicon.ico': 'utf-8' codec can't decode byte 0xe3 in position 14: invalid continuation byte
2025-08-15 16:16:11,177 - INFO - /home/computron/miniconda/lib/python3.12/site-packages/abstract_paths/file_handlers/file_readers.py - Loading file /var/www/html/clownworld/bolshevid/public/manifest.json with extension '.json'.
2025-08-15 16:16:11,199 - INFO - /home/computron/miniconda/lib/python3.12/site-packages/abstract_paths/file_handlers/file_readers.py - Loading file /var/www/html/clownworld/bolshevid/public/logo192.png with extension '.png'.
2025-08-15 16:16:11,210 - ERROR - /home/computron/miniconda/lib/python3.12/site-packages/abstract_paths/file_handlers/file_readers.py - Failed to read '/var/www/html/clownworld/bolshevid/public/logo192.png': 'utf-8' codec can't decode byte 0x89 in position 0: invalid start byte
2025-08-15 16:16:11,240 - INFO - /home/computron/miniconda/lib/python3.12/site-packages/abstract_paths/file_handlers/file_readers.py - Loading file /var/www/html/clownworld/bolshevid/public/robots.txt with extension '.txt'.
2025-08-15 16:16:11,292 - INFO - /home/computron/miniconda/lib/python3.12/site-packages/abstract_paths/file_handlers/file_readers.py - Loading file /var/www/html/clownworld/bolshevid/build/logo.svg with extension '.svg'.
2025-08-15 16:16:11,316 - INFO - /home/computron/miniconda/lib/python3.12/site-packages/abstract_paths/file_handlers/file_readers.py - Loading file /var/www/html/clownworld/bolshevid/build/logo512.png with extension '.png'.
2025-08-15 16:16:11,342 - ERROR - /home/computron/miniconda/lib/python3.12/site-packages/abstract_paths/file_handlers/file_readers.py - Failed to read '/var/www/html/clownworld/bolshevid/build/logo512.png': 'utf-8' codec can't decode byte 0x89 in position 0: invalid start byte
2025-08-15 16:16:11,374 - INFO - /home/computron/miniconda/lib/python3.12/site-packages/abstract_paths/file_handlers/file_readers.py - Loading file /var/www/html/clownworld/bolshevid/build/favicon.ico with extension '.ico'.
2025-08-15 16:16:11,394 - ERROR - /home/computron/miniconda/lib/python3.12/site-packages/abstract_paths/file_handlers/file_readers.py - Failed to read '/var/www/html/clownworld/bolshevid/build/favicon.ico': 'utf-8' codec can't decode byte 0xe3 in position 14: invalid continuation byte
2025-08-15 16:16:11,411 - INFO - /home/computron/miniconda/lib/python3.12/site-packages/abstract_paths/file_handlers/file_readers.py - Loading file /var/www/html/clownworld/bolshevid/build/manifest.json with extension '.json'.
2025-08-15 16:16:11,416 - INFO - /home/computron/miniconda/lib/python3.12/site-packages/abstract_paths/file_handlers/file_readers.py - Loading file /var/www/html/clownworld/bolshevid/build/logo192.png with extension '.png'.
2025-08-15 16:16:11,421 - ERROR - /home/computron/miniconda/lib/python3.12/site-packages/abstract_paths/file_handlers/file_readers.py - Failed to read '/var/www/html/clownworld/bolshevid/build/logo192.png': 'utf-8' codec can't decode byte 0x89 in position 0: invalid start byte
2025-08-15 16:16:11,446 - INFO - /home/computron/miniconda/lib/python3.12/site-packages/abstract_paths/file_handlers/file_readers.py - Loading file /var/www/html/clownworld/bolshevid/build/robots.txt with extension '.txt'.
2025-08-15 16:16:20,020 - INFO - /home/computron/miniconda/lib/python3.12/site-packages/abstract_paths/file_handlers/file_readers.py - Loading file /var/www/html/clownworld/bolshevid/yarn.lock with extension '.lock'.
2025-08-15 16:16:20,029 - INFO - /home/computron/miniconda/lib/python3.12/site-packages/abstract_paths/file_handlers/file_readers.py - Loading file /var/www/html/clownworld/bolshevid/webpack.config.js with extension '.js'.
2025-08-15 16:16:20,042 - INFO - /home/computron/miniconda/lib/python3.12/site-packages/abstract_paths/file_handlers/file_readers.py - Loading file /var/www/html/clownworld/bolshevid/rollup.config.js with extension '.js'.
2025-08-15 16:16:20,044 - INFO - /home/computron/miniconda/lib/python3.12/site-packages/abstract_paths/file_handlers/file_readers.py - Loading file /var/www/html/clownworld/bolshevid/tsconfig.json with extension '.json'.
2025-08-15 16:16:20,066 - INFO - /home/computron/miniconda/lib/python3.12/site-packages/abstract_paths/file_handlers/file_readers.py - Loading file /var/www/html/clownworld/bolshevid/junk.zip with extension '.zip'.
2025-08-15 16:16:20,079 - ERROR - /home/computron/miniconda/lib/python3.12/site-packages/abstract_paths/file_handlers/file_readers.py - Failed to read '/var/www/html/clownworld/bolshevid/junk.zip': 'utf-8' codec can't decode byte 0xb6 in position 11: invalid start byte
2025-08-15 16:16:20,091 - INFO - /home/computron/miniconda/lib/python3.12/site-packages/abstract_paths/file_handlers/file_readers.py - Loading file /var/www/html/clownworld/bolshevid/package.json with extension '.json'.
2025-08-15 16:16:20,095 - INFO - /home/computron/miniconda/lib/python3.12/site-packages/abstract_paths/file_handlers/file_readers.py - Loading file /var/www/html/clownworld/bolshevid/start_analysis.py with extension '.py'.
2025-08-15 16:16:20,112 - INFO - /home/computron/miniconda/lib/python3.12/site-packages/abstract_paths/file_handlers/file_readers.py - Loading file /var/www/html/clownworld/bolshevid/src.zip with extension '.zip'.
2025-08-15 16:16:20,122 - ERROR - /home/computron/miniconda/lib/python3.12/site-packages/abstract_paths/file_handlers/file_readers.py - Failed to read '/var/www/html/clownworld/bolshevid/src.zip': 'utf-8' codec can't decode byte 0x80 in position 10: invalid start byte
2025-08-15 16:16:20,130 - INFO - /home/computron/miniconda/lib/python3.12/site-packages/abstract_paths/file_handlers/file_readers.py - Loading file /var/www/html/clownworld/bolshevid/babel.config.json with extension '.json'.
2025-08-15 16:16:20,141 - INFO - /home/computron/miniconda/lib/python3.12/site-packages/abstract_paths/file_handlers/file_readers.py - Loading file /var/www/html/clownworld/bolshevid/README.md with extension '.md'.
2025-08-15 16:16:20,153 - INFO - /home/computron/miniconda/lib/python3.12/site-packages/abstract_paths/file_handlers/file_readers.py - Loading file /var/www/html/clownworld/bolshevid/data/import_tools/import-graph.json with extension '.json'.
2025-08-15 16:16:20,173 - INFO - /home/computron/miniconda/lib/python3.12/site-packages/abstract_paths/file_handlers/file_readers.py - Loading file /var/www/html/clownworld/bolshevid/data/import_tools/graph.dot with extension '.dot'.
2025-08-15 16:16:20,203 - INFO - /home/computron/miniconda/lib/python3.12/site-packages/abstract_paths/file_handlers/file_readers.py - Loading file /var/www/html/clownworld/bolshevid/src/vite-env.d.ts with extension '.ts'.
2025-08-15 16:16:20,229 - INFO - /home/computron/miniconda/lib/python3.12/site-packages/abstract_paths/file_handlers/file_readers.py - Loading file /var/www/html/clownworld/bolshevid/src/index.tsx with extension '.tsx'.
2025-08-15 16:16:20,232 - INFO - /home/computron/miniconda/lib/python3.12/site-packages/abstract_paths/file_handlers/file_readers.py - Loading file /var/www/html/clownworld/bolshevid/src/setupTests.js with extension '.js'.
2025-08-15 16:16:20,240 - INFO - /home/computron/miniconda/lib/python3.12/site-packages/abstract_paths/file_handlers/file_readers.py - Loading file /var/www/html/clownworld/bolshevid/src/main.tsx with extension '.tsx'.
2025-08-15 16:16:20,251 - INFO - /home/computron/miniconda/lib/python3.12/site-packages/abstract_paths/file_handlers/file_readers.py - Loading file /var/www/html/clownworld/bolshevid/src/react-app-env.d.ts with extension '.ts'.
2025-08-15 16:16:20,253 - INFO - /home/computron/miniconda/lib/python3.12/site-packages/abstract_paths/file_handlers/file_readers.py - Loading file /var/www/html/clownworld/bolshevid/src/reportWebVitals.js with extension '.js'.
2025-08-15 16:16:20,262 - INFO - /home/computron/miniconda/lib/python3.12/site-packages/abstract_paths/file_handlers/file_readers.py - Loading file /var/www/html/clownworld/bolshevid/src/assets/react.svg with extension '.svg'.
2025-08-15 16:16:20,273 - INFO - /home/computron/miniconda/lib/python3.12/site-packages/abstract_paths/file_handlers/file_readers.py - Loading file /var/www/html/clownworld/bolshevid/src/test/App.test.js with extension '.js'.
2025-08-15 16:16:20,283 - INFO - /home/computron/miniconda/lib/python3.12/site-packages/abstract_paths/file_handlers/file_readers.py - Loading file /var/www/html/clownworld/bolshevid/src/functions/index.ts with extension '.ts'.
2025-08-15 16:16:20,309 - INFO - /home/computron/miniconda/lib/python3.12/site-packages/abstract_paths/file_handlers/file_readers.py - Loading file /var/www/html/clownworld/bolshevid/src/functions/imports.ts with extension '.ts'.
2025-08-15 16:16:20,339 - INFO - /home/computron/miniconda/lib/python3.12/site-packages/abstract_paths/file_handlers/file_readers.py - Loading file /var/www/html/clownworld/bolshevid/src/functions/src/user_utils.ts with extension '.ts'.
2025-08-15 16:16:20,364 - INFO - /home/computron/miniconda/lib/python3.12/site-packages/abstract_paths/file_handlers/file_readers.py - Loading file /var/www/html/clownworld/bolshevid/src/functions/src/apiCalls.ts with extension '.ts'.
2025-08-15 16:16:20,374 - INFO - /home/computron/miniconda/lib/python3.12/site-packages/abstract_paths/file_handlers/file_readers.py - Loading file /var/www/html/clownworld/bolshevid/src/functions/src/metadata.ts with extension '.ts'.
2025-08-15 16:16:20,385 - INFO - /home/computron/miniconda/lib/python3.12/site-packages/abstract_paths/file_handlers/file_readers.py - Loading file /var/www/html/clownworld/bolshevid/src/functions/src/index.ts with extension '.ts'.
2025-08-15 16:16:20,410 - INFO - /home/computron/miniconda/lib/python3.12/site-packages/abstract_paths/file_handlers/file_readers.py - Loading file /var/www/html/clownworld/bolshevid/src/functions/src/bolshevid_utils.ts with extension '.ts'.
2025-08-15 16:16:20,414 - INFO - /home/computron/miniconda/lib/python3.12/site-packages/abstract_paths/file_handlers/file_readers.py - Loading file /var/www/html/clownworld/bolshevid/src/functions/src/submit/handleDownload.ts with extension '.ts'.
2025-08-15 16:16:20,425 - INFO - /home/computron/miniconda/lib/python3.12/site-packages/abstract_paths/file_handlers/file_readers.py - Loading file /var/www/html/clownworld/bolshevid/src/functions/src/submit/handleShare.ts with extension '.ts'.
2025-08-15 16:16:20,436 - INFO - /home/computron/miniconda/lib/python3.12/site-packages/abstract_paths/file_handlers/file_readers.py - Loading file /var/www/html/clownworld/bolshevid/src/functions/src/submit/index.ts with extension '.ts'.
2025-08-15 16:16:20,446 - INFO - /home/computron/miniconda/lib/python3.12/site-packages/abstract_paths/file_handlers/file_readers.py - Loading file /var/www/html/clownworld/bolshevid/src/functions/src/submit/handleSubmit.ts with extension '.ts'.
2025-08-15 16:16:20,457 - INFO - /home/computron/miniconda/lib/python3.12/site-packages/abstract_paths/file_handlers/file_readers.py - Loading file /var/www/html/clownworld/bolshevid/src/functions/src/video_utils/info_utils.ts with extension '.ts'.
2025-08-15 16:16:20,467 - INFO - /home/computron/miniconda/lib/python3.12/site-packages/abstract_paths/file_handlers/file_readers.py - Loading file /var/www/html/clownworld/bolshevid/src/functions/src/video_utils/download_utils.ts with extension '.ts'.
2025-08-15 16:16:20,469 - INFO - /home/computron/miniconda/lib/python3.12/site-packages/abstract_paths/file_handlers/file_readers.py - Loading file /var/www/html/clownworld/bolshevid/src/functions/src/video_utils/index.ts with extension '.ts'.
2025-08-15 16:16:20,485 - INFO - /home/computron/miniconda/lib/python3.12/site-packages/abstract_paths/file_handlers/file_readers.py - Loading file /var/www/html/clownworld/bolshevid/src/functions/src/video_utils/crop_utils.ts with extension '.ts'.
2025-08-15 16:16:20,496 - INFO - /home/computron/miniconda/lib/python3.12/site-packages/abstract_paths/file_handlers/file_readers.py - Loading file /var/www/html/clownworld/bolshevid/src/functions/logs/video_bp.log with extension '.log'.
2025-08-15 16:16:20,505 - INFO - /home/computron/miniconda/lib/python3.12/site-packages/abstract_paths/file_handlers/file_readers.py - Loading file /var/www/html/clownworld/bolshevid/src/styles/index.css with extension '.css'.
2025-08-15 16:16:20,516 - INFO - /home/computron/miniconda/lib/python3.12/site-packages/abstract_paths/file_handlers/file_readers.py - Loading file /var/www/html/clownworld/bolshevid/src/styles/App.css with extension '.css'.
2025-08-15 16:16:20,536 - INFO - /home/computron/miniconda/lib/python3.12/site-packages/abstract_paths/file_handlers/file_readers.py - Loading file /var/www/html/clownworld/bolshevid/src/styles/Home.module.css with extension '.css'.
2025-08-15 16:16:20,540 - INFO - /home/computron/miniconda/lib/python3.12/site-packages/abstract_paths/file_handlers/file_readers.py - Loading file /var/www/html/clownworld/bolshevid/src/styles/navbar/style2.css with extension '.css'.
2025-08-15 16:16:20,548 - INFO - /home/computron/miniconda/lib/python3.12/site-packages/abstract_paths/file_handlers/file_readers.py - Loading file /var/www/html/clownworld/bolshevid/src/styles/navbar/index.css with extension '.css'.
2025-08-15 16:16:20,557 - INFO - /home/computron/miniconda/lib/python3.12/site-packages/abstract_paths/file_handlers/file_readers.py - Loading file /var/www/html/clownworld/bolshevid/src/styles/navbar/navbar-style.css with extension '.css'.
2025-08-15 16:16:20,563 - INFO - /home/computron/miniconda/lib/python3.12/site-packages/abstract_paths/file_handlers/file_readers.py - Loading file /var/www/html/clownworld/bolshevid/src/styles/navbar/styles.css with extension '.css'.
2025-08-15 16:16:20,583 - INFO - /home/computron/miniconda/lib/python3.12/site-packages/abstract_paths/file_handlers/file_readers.py - Loading file /var/www/html/clownworld/bolshevid/src/styles/secure_files/index.css with extension '.css'.
2025-08-15 16:16:20,590 - INFO - /home/computron/miniconda/lib/python3.12/site-packages/abstract_paths/file_handlers/file_readers.py - Loading file /var/www/html/clownworld/bolshevid/src/styles/secure_files/tailwind.css with extension '.css'.
2025-08-15 16:16:20,614 - INFO - /home/computron/miniconda/lib/python3.12/site-packages/abstract_paths/file_handlers/file_readers.py - Loading file /var/www/html/clownworld/bolshevid/src/styles/secure_files/App.css with extension '.css'.
2025-08-15 16:16:20,629 - INFO - /home/computron/miniconda/lib/python3.12/site-packages/abstract_paths/file_handlers/file_readers.py - Loading file /var/www/html/clownworld/bolshevid/src/styles/secure_files/window-manager.css with extension '.css'.
2025-08-15 16:16:20,638 - INFO - /home/computron/miniconda/lib/python3.12/site-packages/abstract_paths/file_handlers/file_readers.py - Loading file /var/www/html/clownworld/bolshevid/src/styles/secure_files/logs/clipit_logs.log with extension '.log'.
2025-08-15 16:16:20,658 - INFO - /home/computron/miniconda/lib/python3.12/site-packages/abstract_paths/file_handlers/file_readers.py - Loading file /var/www/html/clownworld/bolshevid/src/styles/secure_files/logs/routes_bp.log with extension '.log'.
2025-08-15 16:16:20,671 - INFO - /home/computron/miniconda/lib/python3.12/site-packages/abstract_paths/file_handlers/file_readers.py - Loading file /var/www/html/clownworld/bolshevid/src/styles/app/index.css with extension '.css'.
2025-08-15 16:16:20,681 - INFO - /home/computron/miniconda/lib/python3.12/site-packages/abstract_paths/file_handlers/file_readers.py - Loading file /var/www/html/clownworld/bolshevid/src/styles/app/App.css with extension '.css'.
2025-08-15 16:16:20,684 - INFO - /home/computron/miniconda/lib/python3.12/site-packages/abstract_paths/file_handlers/file_readers.py - Loading file /var/www/html/clownworld/bolshevid/src/api/secureFiles.ts with extension '.ts'.
2025-08-15 16:16:20,693 - INFO - /home/computron/miniconda/lib/python3.12/site-packages/abstract_paths/file_handlers/file_readers.py - Loading file /var/www/html/clownworld/bolshevid/src/interfaces/VideoInterfaces.ts with extension '.ts'.
2025-08-15 16:16:20,714 - INFO - /home/computron/miniconda/lib/python3.12/site-packages/abstract_paths/file_handlers/file_readers.py - Loading file /var/www/html/clownworld/bolshevid/src/interfaces/nano.ts with extension '.ts'.
2025-08-15 16:16:20,726 - INFO - /home/computron/miniconda/lib/python3.12/site-packages/abstract_paths/file_handlers/file_readers.py - Loading file /var/www/html/clownworld/bolshevid/src/interfaces/newInterfaces.ts with extension '.ts'.
2025-08-15 16:16:20,738 - INFO - /home/computron/miniconda/lib/python3.12/site-packages/abstract_paths/file_handlers/file_readers.py - Loading file /var/www/html/clownworld/bolshevid/src/interfaces/videoFormInterfaces.ts with extension '.ts'.
2025-08-15 16:16:20,750 - INFO - /home/computron/miniconda/lib/python3.12/site-packages/abstract_paths/file_handlers/file_readers.py - Loading file /var/www/html/clownworld/bolshevid/src/interfaces/index.ts with extension '.ts'.
2025-08-15 16:16:20,762 - INFO - /home/computron/miniconda/lib/python3.12/site-packages/abstract_paths/file_handlers/file_readers.py - Loading file /var/www/html/clownworld/bolshevid/src/interfaces/interfaces.ts with extension '.ts'.
2025-08-15 16:16:20,785 - INFO - /home/computron/miniconda/lib/python3.12/site-packages/abstract_paths/file_handlers/file_readers.py - Loading file /var/www/html/clownworld/bolshevid/src/interfaces/junk/Interfaces.ts with extension '.ts'.
2025-08-15 16:16:20,799 - INFO - /home/computron/miniconda/lib/python3.12/site-packages/abstract_paths/file_handlers/file_readers.py - Loading file /var/www/html/clownworld/bolshevid/src/utils/videoJoin.ts with extension '.ts'.
2025-08-15 16:16:20,823 - INFO - /home/computron/miniconda/lib/python3.12/site-packages/abstract_paths/file_handlers/file_readers.py - Loading file /var/www/html/clownworld/bolshevid/src/Components/VideoGallery.tsx with extension '.tsx'.
2025-08-15 16:16:20,835 - INFO - /home/computron/miniconda/lib/python3.12/site-packages/abstract_paths/file_handlers/file_readers.py - Loading file /var/www/html/clownworld/bolshevid/src/Components/auth_utils.zip with extension '.zip'.
2025-08-15 16:16:20,837 - ERROR - /home/computron/miniconda/lib/python3.12/site-packages/abstract_paths/file_handlers/file_readers.py - Failed to read '/var/www/html/clownworld/bolshevid/src/Components/auth_utils.zip': 'utf-8' codec can't decode byte 0xa1 in position 46: invalid start byte
2025-08-15 16:16:20,846 - INFO - /home/computron/miniconda/lib/python3.12/site-packages/abstract_paths/file_handlers/file_readers.py - Loading file /var/www/html/clownworld/bolshevid/src/Components/index.ts with extension '.ts'.
2025-08-15 16:16:20,870 - INFO - /home/computron/miniconda/lib/python3.12/site-packages/abstract_paths/file_handlers/file_readers.py - Loading file /var/www/html/clownworld/bolshevid/src/Components/Navbar2.zip with extension '.zip'.
2025-08-15 16:16:20,872 - ERROR - /home/computron/miniconda/lib/python3.12/site-packages/abstract_paths/file_handlers/file_readers.py - Failed to read '/var/www/html/clownworld/bolshevid/src/Components/Navbar2.zip': 'utf-8' codec can't decode byte 0x82 in position 10: invalid start byte
2025-08-15 16:16:20,884 - INFO - /home/computron/miniconda/lib/python3.12/site-packages/abstract_paths/file_handlers/file_readers.py - Loading file /var/www/html/clownworld/bolshevid/src/Components/VideoDownloader/Submit/index.ts with extension '.ts'.
2025-08-15 16:16:20,896 - INFO - /home/computron/miniconda/lib/python3.12/site-packages/abstract_paths/file_handlers/file_readers.py - Loading file /var/www/html/clownworld/bolshevid/src/Components/VideoDownloader/Submit/imports.ts with extension '.ts'.
2025-08-15 16:16:20,908 - INFO - /home/computron/miniconda/lib/python3.12/site-packages/abstract_paths/file_handlers/file_readers.py - Loading file /var/www/html/clownworld/bolshevid/src/Components/VideoDownloader/Submit/src/Submit.ts with extension '.ts'.
2025-08-15 16:16:20,921 - INFO - /home/computron/miniconda/lib/python3.12/site-packages/abstract_paths/file_handlers/file_readers.py - Loading file /var/www/html/clownworld/bolshevid/src/Components/VideoDownloader/Submit/src/index.ts with extension '.ts'.
2025-08-15 16:16:20,924 - INFO - /home/computron/miniconda/lib/python3.12/site-packages/abstract_paths/file_handlers/file_readers.py - Loading file /var/www/html/clownworld/bolshevid/src/Components/Props/index.ts with extension '.ts'.
2025-08-15 16:16:20,935 - INFO - /home/computron/miniconda/lib/python3.12/site-packages/abstract_paths/file_handlers/file_readers.py - Loading file /var/www/html/clownworld/bolshevid/src/Components/Props/Modal/Modal.tsx with extension '.tsx'.
2025-08-15 16:16:20,945 - INFO - /home/computron/miniconda/lib/python3.12/site-packages/abstract_paths/file_handlers/file_readers.py - Loading file /var/www/html/clownworld/bolshevid/src/Components/Props/Modal/index.ts with extension '.ts'.
2025-08-15 16:16:20,965 - INFO - /home/computron/miniconda/lib/python3.12/site-packages/abstract_paths/file_handlers/file_readers.py - Loading file /var/www/html/clownworld/bolshevid/src/Components/Props/Modal/Modal.module.css with extension '.css'.
2025-08-15 16:16:20,969 - INFO - /home/computron/miniconda/lib/python3.12/site-packages/abstract_paths/file_handlers/file_readers.py - Loading file /var/www/html/clownworld/bolshevid/src/Components/Props/CropButtons/CropButtons.tsx with extension '.tsx'.
2025-08-15 16:16:20,977 - INFO - /home/computron/miniconda/lib/python3.12/site-packages/abstract_paths/file_handlers/file_readers.py - Loading file /var/www/html/clownworld/bolshevid/src/Components/Props/CropButtons/index.ts with extension '.ts'.
2025-08-15 16:16:20,988 - INFO - /home/computron/miniconda/lib/python3.12/site-packages/abstract_paths/file_handlers/file_readers.py - Loading file /var/www/html/clownworld/bolshevid/src/Components/Props/CropButtons/CropButtons.module.css with extension '.css'.
2025-08-15 16:16:20,991 - INFO - /home/computron/miniconda/lib/python3.12/site-packages/abstract_paths/file_handlers/file_readers.py - Loading file /var/www/html/clownworld/bolshevid/src/Components/Navbar/index.ts with extension '.ts'.
2025-08-15 16:16:21,000 - INFO - /home/computron/miniconda/lib/python3.12/site-packages/abstract_paths/file_handlers/file_readers.py - Loading file /var/www/html/clownworld/bolshevid/src/Components/Navbar/style.css.save with extension '.save'.
2025-08-15 16:16:21,018 - INFO - /home/computron/miniconda/lib/python3.12/site-packages/abstract_paths/file_handlers/file_readers.py - Loading file /var/www/html/clownworld/bolshevid/src/Components/Navbar/imports.ts with extension '.ts'.
2025-08-15 16:16:21,022 - INFO - /home/computron/miniconda/lib/python3.12/site-packages/abstract_paths/file_handlers/file_readers.py - Loading file /var/www/html/clownworld/bolshevid/src/Components/Navbar/dropDowns/ForumsDropdown.tsx with extension '.tsx'.
2025-08-15 16:16:21,025 - INFO - /home/computron/miniconda/lib/python3.12/site-packages/abstract_paths/file_handlers/file_readers.py - Loading file /var/www/html/clownworld/bolshevid/src/Components/Navbar/dropDowns/index.ts with extension '.ts'.
2025-08-15 16:16:21,047 - INFO - /home/computron/miniconda/lib/python3.12/site-packages/abstract_paths/file_handlers/file_readers.py - Loading file /var/www/html/clownworld/bolshevid/src/Components/Navbar/Navbar/index.ts with extension '.ts'.
2025-08-15 16:16:21,063 - INFO - /home/computron/miniconda/lib/python3.12/site-packages/abstract_paths/file_handlers/file_readers.py - Loading file /var/www/html/clownworld/bolshevid/src/Components/Navbar/Navbar/style.css with extension '.css'.
2025-08-15 16:16:21,073 - INFO - /home/computron/miniconda/lib/python3.12/site-packages/abstract_paths/file_handlers/file_readers.py - Loading file /var/www/html/clownworld/bolshevid/src/Components/Navbar/Navbar/Navbar.tsx with extension '.tsx'.
2025-08-15 16:16:21,083 - INFO - /home/computron/miniconda/lib/python3.12/site-packages/abstract_paths/file_handlers/file_readers.py - Loading file /var/www/html/clownworld/bolshevid/src/Components/Navbar/navbarElements/index.ts with extension '.ts'.
2025-08-15 16:16:21,106 - INFO - /home/computron/miniconda/lib/python3.12/site-packages/abstract_paths/file_handlers/file_readers.py - Loading file /var/www/html/clownworld/bolshevid/src/Components/Navbar/navbarElements/dropDowns.ts with extension '.ts'.
2025-08-15 16:16:21,110 - INFO - /home/computron/miniconda/lib/python3.12/site-packages/abstract_paths/file_handlers/file_readers.py - Loading file /var/www/html/clownworld/bolshevid/src/Components/Navbar/navbarElements/NavbarElements.tsx with extension '.tsx'.
2025-08-15 16:16:21,119 - INFO - /home/computron/miniconda/lib/python3.12/site-packages/abstract_paths/file_handlers/file_readers.py - Loading file /var/www/html/clownworld/bolshevid/src/Components/Navbar/navLinks/NavLinks.tsx with extension '.tsx'.
2025-08-15 16:16:21,132 - INFO - /home/computron/miniconda/lib/python3.12/site-packages/abstract_paths/file_handlers/file_readers.py - Loading file /var/www/html/clownworld/bolshevid/src/Components/Navbar/navLinks/index.ts with extension '.ts'.
2025-08-15 16:16:21,145 - INFO - /home/computron/miniconda/lib/python3.12/site-packages/abstract_paths/file_handlers/file_readers.py - Loading file /var/www/html/clownworld/bolshevid/src/Components/Navbar/tools/ToolViewer.tsx with extension '.tsx'.
2025-08-15 16:16:21,155 - INFO - /home/computron/miniconda/lib/python3.12/site-packages/abstract_paths/file_handlers/file_readers.py - Loading file /var/www/html/clownworld/bolshevid/src/Components/Navbar/tools/index.ts with extension '.ts'.
2025-08-15 16:16:21,157 - INFO - /home/computron/miniconda/lib/python3.12/site-packages/abstract_paths/file_handlers/file_readers.py - Loading file /var/www/html/clownworld/bolshevid/src/Components/test/index.ts with extension '.ts'.
2025-08-15 16:16:21,175 - INFO - /home/computron/miniconda/lib/python3.12/site-packages/abstract_paths/file_handlers/file_readers.py - Loading file /var/www/html/clownworld/bolshevid/src/Components/test/SecureTest/index.ts with extension '.ts'.
2025-08-15 16:16:21,199 - INFO - /home/computron/miniconda/lib/python3.12/site-packages/abstract_paths/file_handlers/file_readers.py - Loading file /var/www/html/clownworld/bolshevid/src/Components/test/SecureTest/SecureTest.tsx with extension '.tsx'.
2025-08-15 16:16:21,210 - INFO - /home/computron/miniconda/lib/python3.12/site-packages/abstract_paths/file_handlers/file_readers.py - Loading file /var/www/html/clownworld/bolshevid/src/Components/Sections/index.ts with extension '.ts'.
2025-08-15 16:16:21,213 - INFO - /home/computron/miniconda/lib/python3.12/site-packages/abstract_paths/file_handlers/file_readers.py - Loading file /var/www/html/clownworld/bolshevid/src/Components/Sections/VideoThumbnailGrid/VideoThumbnailGrid.module.css with extension '.css'.
2025-08-15 16:16:21,231 - INFO - /home/computron/miniconda/lib/python3.12/site-packages/abstract_paths/file_handlers/file_readers.py - Loading file /var/www/html/clownworld/bolshevid/src/Components/Sections/VideoThumbnailGrid/VideosGridPage.tsx with extension '.tsx'.
2025-08-15 16:16:21,245 - INFO - /home/computron/miniconda/lib/python3.12/site-packages/abstract_paths/file_handlers/file_readers.py - Loading file /var/www/html/clownworld/bolshevid/src/Components/Sections/VideoThumbnailGrid/index.ts with extension '.ts'.
2025-08-15 16:16:21,258 - INFO - /home/computron/miniconda/lib/python3.12/site-packages/abstract_paths/file_handlers/file_readers.py - Loading file /var/www/html/clownworld/bolshevid/src/Components/Sections/VideoThumbnailGrid/VideoGridClient.tsx with extension '.tsx'.
2025-08-15 16:16:21,274 - INFO - /home/computron/miniconda/lib/python3.12/site-packages/abstract_paths/file_handlers/file_readers.py - Loading file /var/www/html/clownworld/bolshevid/src/Components/Sections/VideoThumbnailGrid/VideosGridPage.module.css with extension '.css'.
2025-08-15 16:16:21,287 - INFO - /home/computron/miniconda/lib/python3.12/site-packages/abstract_paths/file_handlers/file_readers.py - Loading file /var/www/html/clownworld/bolshevid/src/Components/Sections/VideoThumbnailGrid/VideoThumbnailGrid.tsx with extension '.tsx'.
2025-08-15 16:16:21,311 - INFO - /home/computron/miniconda/lib/python3.12/site-packages/abstract_paths/file_handlers/file_readers.py - Loading file /var/www/html/clownworld/bolshevid/src/Components/Sections/Players/index.ts with extension '.ts'.
2025-08-15 16:16:21,325 - INFO - /home/computron/miniconda/lib/python3.12/site-packages/abstract_paths/file_handlers/file_readers.py - Loading file /var/www/html/clownworld/bolshevid/src/Components/Sections/Players/VideoPlayer/VideoPlayer.tsx with extension '.tsx'.
2025-08-15 16:16:21,345 - INFO - /home/computron/miniconda/lib/python3.12/site-packages/abstract_paths/file_handlers/file_readers.py - Loading file /var/www/html/clownworld/bolshevid/src/Components/Sections/Players/VideoPlayer/index.ts with extension '.ts'.
2025-08-15 16:16:21,357 - INFO - /home/computron/miniconda/lib/python3.12/site-packages/abstract_paths/file_handlers/file_readers.py - Loading file /var/www/html/clownworld/bolshevid/src/Components/Sections/Players/VideoPlayer/VideoPlayer.module.css with extension '.css'.
2025-08-15 16:16:21,368 - INFO - /home/computron/miniconda/lib/python3.12/site-packages/abstract_paths/file_handlers/file_readers.py - Loading file /var/www/html/clownworld/bolshevid/src/Components/Sections/VideoCropper/VideoCropper.module.css with extension '.css'.
2025-08-15 16:16:21,381 - INFO - /home/computron/miniconda/lib/python3.12/site-packages/abstract_paths/file_handlers/file_readers.py - Loading file /var/www/html/clownworld/bolshevid/src/Components/Sections/VideoCropper/index.ts with extension '.ts'.
2025-08-15 16:16:21,399 - INFO - /home/computron/miniconda/lib/python3.12/site-packages/abstract_paths/file_handlers/file_readers.py - Loading file /var/www/html/clownworld/bolshevid/src/Components/Sections/VideoCropper/VideoCropper.tsx with extension '.tsx'.
2025-08-15 16:16:21,411 - INFO - /home/computron/miniconda/lib/python3.12/site-packages/abstract_paths/file_handlers/file_readers.py - Loading file /var/www/html/clownworld/bolshevid/src/Components/Sections/Headers/index.ts with extension '.ts'.
2025-08-15 16:16:21,414 - INFO - /home/computron/miniconda/lib/python3.12/site-packages/abstract_paths/file_handlers/file_readers.py - Loading file /var/www/html/clownworld/bolshevid/src/Components/Sections/Headers/VideoHeader/VideoHeader.module.css with extension '.css'.
2025-08-15 16:16:21,424 - INFO - /home/computron/miniconda/lib/python3.12/site-packages/abstract_paths/file_handlers/file_readers.py - Loading file /var/www/html/clownworld/bolshevid/src/Components/Sections/Headers/VideoHeader/index.ts with extension '.ts'.
2025-08-15 16:16:21,447 - INFO - /home/computron/miniconda/lib/python3.12/site-packages/abstract_paths/file_handlers/file_readers.py - Loading file /var/www/html/clownworld/bolshevid/src/Components/Sections/Headers/VideoHeader/VideoHeader.jsx with extension '.jsx'.
2025-08-15 16:16:21,460 - INFO - /home/computron/miniconda/lib/python3.12/site-packages/abstract_paths/file_handlers/file_readers.py - Loading file /var/www/html/clownworld/bolshevid/src/Components/Sections/Footers/index.ts with extension '.ts'.
2025-08-15 16:16:21,463 - INFO - /home/computron/miniconda/lib/python3.12/site-packages/abstract_paths/file_handlers/file_readers.py - Loading file /var/www/html/clownworld/bolshevid/src/Components/Sections/Footers/VideoFooter/VideoFooter.jsx with extension '.jsx'.
2025-08-15 16:16:21,493 - INFO - /home/computron/miniconda/lib/python3.12/site-packages/abstract_paths/file_handlers/file_readers.py - Loading file /var/www/html/clownworld/bolshevid/src/Components/Sections/Footers/VideoFooter/index.ts with extension '.ts'.
2025-08-15 16:16:21,508 - INFO - /home/computron/miniconda/lib/python3.12/site-packages/abstract_paths/file_handlers/file_readers.py - Loading file /var/www/html/clownworld/bolshevid/src/Components/Sections/Footers/VideoFooter/VideoFooter.module.css with extension '.css'.
2025-08-15 16:16:21,533 - INFO - /home/computron/miniconda/lib/python3.12/site-packages/abstract_paths/file_handlers/file_readers.py - Loading file /var/www/html/clownworld/bolshevid/src/Components/BolshevidInput/BolshevidInput.tsx with extension '.tsx'.
2025-08-15 16:16:21,560 - INFO - /home/computron/miniconda/lib/python3.12/site-packages/abstract_paths/file_handlers/file_readers.py - Loading file /var/www/html/clownworld/bolshevid/src/Components/BolshevidInput/index.ts with extension '.ts'.
2025-08-15 16:16:21,590 - INFO - /home/computron/miniconda/lib/python3.12/site-packages/abstract_paths/file_handlers/file_readers.py - Loading file /var/www/html/clownworld/bolshevid/src/Components/Meta/index.ts with extension '.ts'.
2025-08-15 16:16:21,603 - INFO - /home/computron/miniconda/lib/python3.12/site-packages/abstract_paths/file_handlers/file_readers.py - Loading file /var/www/html/clownworld/bolshevid/src/Components/Meta/Trackers/index.ts with extension '.ts'.
2025-08-15 16:16:21,624 - INFO - /home/computron/miniconda/lib/python3.12/site-packages/abstract_paths/file_handlers/file_readers.py - Loading file /var/www/html/clownworld/bolshevid/src/Components/Meta/Trackers/TrackPlays/TrackPlays.tsx with extension '.tsx'.
2025-08-15 16:16:21,634 - INFO - /home/computron/miniconda/lib/python3.12/site-packages/abstract_paths/file_handlers/file_readers.py - Loading file /var/www/html/clownworld/bolshevid/src/Components/Meta/Trackers/TrackPlays/index.ts with extension '.ts'.
2025-08-15 16:16:21,645 - INFO - /home/computron/miniconda/lib/python3.12/site-packages/abstract_paths/file_handlers/file_readers.py - Loading file /var/www/html/clownworld/bolshevid/src/Components/Meta/UrlCheckbox/UrlCheckbox.tsx with extension '.tsx'.
2025-08-15 16:16:21,658 - INFO - /home/computron/miniconda/lib/python3.12/site-packages/abstract_paths/file_handlers/file_readers.py - Loading file /var/www/html/clownworld/bolshevid/src/Components/Meta/UrlCheckbox/index.ts with extension '.ts'.
2025-08-15 16:16:21,681 - INFO - /home/computron/miniconda/lib/python3.12/site-packages/abstract_paths/file_handlers/file_readers.py - Loading file /var/www/html/clownworld/bolshevid/src/Components/Meta/UrlCheckbox/UrlCheckbox.module.css with extension '.css'.
2025-08-15 16:16:21,695 - INFO - /home/computron/miniconda/lib/python3.12/site-packages/abstract_paths/file_handlers/file_readers.py - Loading file /var/www/html/clownworld/bolshevid/src/Components/Meta/Details/index.ts with extension '.ts'.
2025-08-15 16:16:21,707 - INFO - /home/computron/miniconda/lib/python3.12/site-packages/abstract_paths/file_handlers/file_readers.py - Loading file /var/www/html/clownworld/bolshevid/src/Components/Meta/Details/VideoDetails/VideoDetails.module.css with extension '.css'.
2025-08-15 16:16:21,721 - INFO - /home/computron/miniconda/lib/python3.12/site-packages/abstract_paths/file_handlers/file_readers.py - Loading file /var/www/html/clownworld/bolshevid/src/Components/Meta/Details/VideoDetails/index.ts with extension '.ts'.
2025-08-15 16:16:21,746 - INFO - /home/computron/miniconda/lib/python3.12/site-packages/abstract_paths/file_handlers/file_readers.py - Loading file /var/www/html/clownworld/bolshevid/src/Components/Meta/Details/VideoDetails/VideoDetails.tsx with extension '.tsx'.
2025-08-15 16:16:21,762 - INFO - /home/computron/miniconda/lib/python3.12/site-packages/abstract_paths/file_handlers/file_readers.py - Loading file /var/www/html/clownworld/bolshevid/src/Components/SocialButtons/SocialButtons.tsx with extension '.tsx'.
2025-08-15 16:16:21,773 - INFO - /home/computron/miniconda/lib/python3.12/site-packages/abstract_paths/file_handlers/file_readers.py - Loading file /var/www/html/clownworld/bolshevid/src/Components/SocialButtons/index.ts with extension '.ts'.
2025-08-15 16:16:21,775 - INFO - /home/computron/miniconda/lib/python3.12/site-packages/abstract_paths/file_handlers/file_readers.py - Loading file /var/www/html/clownworld/bolshevid/src/Components/SocialButtons/src/lib/socialShareUtils.ts with extension '.ts'.
2025-08-15 16:16:21,786 - INFO - /home/computron/miniconda/lib/python3.12/site-packages/abstract_paths/file_handlers/file_readers.py - Loading file /var/www/html/clownworld/bolshevid/src/Components/Handles/index.ts with extension '.ts'.
2025-08-15 16:16:21,789 - INFO - /home/computron/miniconda/lib/python3.12/site-packages/abstract_paths/file_handlers/file_readers.py - Loading file /var/www/html/clownworld/bolshevid/src/Components/Handles/VideoSubmit/index.ts with extension '.ts'.
2025-08-15 16:16:21,808 - INFO - /home/computron/miniconda/lib/python3.12/site-packages/abstract_paths/file_handlers/file_readers.py - Loading file /var/www/html/clownworld/bolshevid/src/Components/Handles/VideoSubmit/VideoSubmit.tsx with extension '.tsx'.
2025-08-15 16:16:21,828 - INFO - /home/computron/miniconda/lib/python3.12/site-packages/abstract_paths/file_handlers/file_readers.py - Loading file /var/www/html/clownworld/bolshevid/src/Components/reportWebVitals/reportWebVitals.tsx with extension '.tsx'.
2025-08-15 16:16:21,852 - INFO - /home/computron/miniconda/lib/python3.12/site-packages/abstract_paths/file_handlers/file_readers.py - Loading file /var/www/html/clownworld/bolshevid/src/Components/reportWebVitals/index.ts with extension '.ts'.
2025-08-15 16:16:21,863 - INFO - /home/computron/miniconda/lib/python3.12/site-packages/abstract_paths/file_handlers/file_readers.py - Loading file /var/www/html/clownworld/bolshevid/src/Components/reportWebVitals/logs/clipit_logs.log with extension '.log'.
2025-08-15 16:16:21,866 - INFO - /home/computron/miniconda/lib/python3.12/site-packages/abstract_paths/file_handlers/file_readers.py - Loading file /var/www/html/clownworld/bolshevid/src/Components/reportWebVitals/logs/fetch_utils.log with extension '.log'.
2025-08-15 16:16:21,886 - INFO - /home/computron/miniconda/lib/python3.12/site-packages/abstract_paths/file_handlers/file_readers.py - Loading file /var/www/html/clownworld/bolshevid/src/Components/reportWebVitals/logs/query_utils.log with extension '.log'.
2025-08-15 16:16:21,899 - INFO - /home/computron/miniconda/lib/python3.12/site-packages/abstract_paths/file_handlers/file_readers.py - Loading file /var/www/html/clownworld/bolshevid/src/Components/reportWebVitals/logs/routes_bp.log with extension '.log'.
2025-08-15 16:16:21,909 - INFO - /home/computron/miniconda/lib/python3.12/site-packages/abstract_paths/file_handlers/file_readers.py - Loading file /var/www/html/clownworld/bolshevid/src/Components/reportWebVitals/logs/abstract_clipit.clipit.gui_frontend.drag_and_drop_component.imports.robust_readers.directory_reader.directory_reader.log with extension '.log'.
2025-08-15 16:16:21,931 - INFO - /home/computron/miniconda/lib/python3.12/site-packages/abstract_paths/file_handlers/file_readers.py - Loading file /var/www/html/clownworld/bolshevid/src/Components/reportWebVitals/logs/pair_data.log with extension '.log'.
2025-08-15 16:16:21,955 - INFO - /home/computron/miniconda/lib/python3.12/site-packages/abstract_paths/file_handlers/file_readers.py - Loading file /var/www/html/clownworld/bolshevid/src/Components/reportWebVitals/logs/abstract_flask.log with extension '.log'.
2025-08-15 16:16:21,970 - INFO - /home/computron/miniconda/lib/python3.12/site-packages/abstract_paths/file_handlers/file_readers.py - Loading file /var/www/html/clownworld/bolshevid/src/Components/App/index.ts with extension '.ts'.
2025-08-15 16:16:21,982 - INFO - /home/computron/miniconda/lib/python3.12/site-packages/abstract_paths/file_handlers/file_readers.py - Loading file /var/www/html/clownworld/bolshevid/src/Components/App/App.tsx with extension '.tsx'.
2025-08-15 16:16:21,991 - INFO - /home/computron/miniconda/lib/python3.12/site-packages/abstract_paths/file_handlers/file_readers.py - Loading file /var/www/html/clownworld/bolshevid/src/Components/Forms/index.ts with extension '.ts'.
2025-08-15 16:16:22,008 - INFO - /home/computron/miniconda/lib/python3.12/site-packages/abstract_paths/file_handlers/file_readers.py - Loading file /var/www/html/clownworld/bolshevid/src/Components/Forms/VideoUrl/VideoUrl.tsx with extension '.tsx'.
2025-08-15 16:16:22,028 - INFO - /home/computron/miniconda/lib/python3.12/site-packages/abstract_paths/file_handlers/file_readers.py - Loading file /var/www/html/clownworld/bolshevid/src/Components/Forms/VideoUrl/index.ts with extension '.ts'.
2025-08-15 16:16:22,050 - INFO - /home/computron/miniconda/lib/python3.12/site-packages/abstract_paths/file_handlers/file_readers.py - Loading file /var/www/html/clownworld/bolshevid/src/hooks/useVideoLibrary.ts with extension '.ts'.
2025-08-15 16:16:22,062 - INFO - /home/computron/miniconda/lib/python3.12/site-packages/abstract_paths/file_handlers/file_readers.py - Loading file /var/www/html/clownworld/bolshevid/logs/abstract_paths.file_handlers.file_readers.log with extension '.log'.
2025-08-15 16:16:22,084 - INFO - /home/computron/miniconda/lib/python3.12/site-packages/abstract_paths/file_handlers/file_readers.py - Loading file /var/www/html/clownworld/bolshevid/logs/clipit_logs.log with extension '.log'.
2025-08-15 16:16:22,097 - INFO - /home/computron/miniconda/lib/python3.12/site-packages/abstract_paths/file_handlers/file_readers.py - Loading file /var/www/html/clownworld/bolshevid/logs/fetch_utils.log with extension '.log'.
2025-08-15 16:16:22,116 - INFO - /home/computron/miniconda/lib/python3.12/site-packages/abstract_paths/file_handlers/file_readers.py - Loading file /var/www/html/clownworld/bolshevid/logs/query_utils.log with extension '.log'.
2025-08-15 16:16:22,124 - INFO - /home/computron/miniconda/lib/python3.12/site-packages/abstract_paths/file_handlers/file_readers.py - Loading file /var/www/html/clownworld/bolshevid/logs/routes_bp.log with extension '.log'.
2025-08-15 16:16:22,145 - INFO - /home/computron/miniconda/lib/python3.12/site-packages/abstract_paths/file_handlers/file_readers.py - Loading file /var/www/html/clownworld/bolshevid/logs/abstract_paths.file_handlers.directory_reader.log with extension '.log'.
2025-08-15 16:16:22,165 - INFO - /home/computron/miniconda/lib/python3.12/site-packages/abstract_paths/file_handlers/file_readers.py - Loading file /var/www/html/clownworld/bolshevid/logs/pair_data.log with extension '.log'.
2025-08-15 16:16:22,178 - INFO - /home/computron/miniconda/lib/python3.12/site-packages/abstract_paths/file_handlers/file_readers.py - Loading file /var/www/html/clownworld/bolshevid/logs/abstract_flask.log with extension '.log'.
2025-08-15 16:16:22,202 - INFO - /home/computron/miniconda/lib/python3.12/site-packages/abstract_paths/file_handlers/file_readers.py - Loading file /var/www/html/clownworld/bolshevid/public/logo.svg with extension '.svg'.
2025-08-15 16:16:22,227 - INFO - /home/computron/miniconda/lib/python3.12/site-packages/abstract_paths/file_handlers/file_readers.py - Loading file /var/www/html/clownworld/bolshevid/public/logo512.png with extension '.png'.
2025-08-15 16:16:22,238 - ERROR - /home/computron/miniconda/lib/python3.12/site-packages/abstract_paths/file_handlers/file_readers.py - Failed to read '/var/www/html/clownworld/bolshevid/public/logo512.png': 'utf-8' codec can't decode byte 0x89 in position 0: invalid start byte
2025-08-15 16:16:22,242 - INFO - /home/computron/miniconda/lib/python3.12/site-packages/abstract_paths/file_handlers/file_readers.py - Loading file /var/www/html/clownworld/bolshevid/public/index.html with extension '.html'.
2025-08-15 16:16:22,262 - INFO - /home/computron/miniconda/lib/python3.12/site-packages/abstract_paths/file_handlers/file_readers.py - Loading file /var/www/html/clownworld/bolshevid/public/favicon.ico with extension '.ico'.
2025-08-15 16:16:22,275 - ERROR - /home/computron/miniconda/lib/python3.12/site-packages/abstract_paths/file_handlers/file_readers.py - Failed to read '/var/www/html/clownworld/bolshevid/public/favicon.ico': 'utf-8' codec can't decode byte 0xe3 in position 14: invalid continuation byte
2025-08-15 16:16:22,289 - INFO - /home/computron/miniconda/lib/python3.12/site-packages/abstract_paths/file_handlers/file_readers.py - Loading file /var/www/html/clownworld/bolshevid/public/manifest.json with extension '.json'.
2025-08-15 16:16:22,311 - INFO - /home/computron/miniconda/lib/python3.12/site-packages/abstract_paths/file_handlers/file_readers.py - Loading file /var/www/html/clownworld/bolshevid/public/logo192.png with extension '.png'.
2025-08-15 16:16:22,330 - ERROR - /home/computron/miniconda/lib/python3.12/site-packages/abstract_paths/file_handlers/file_readers.py - Failed to read '/var/www/html/clownworld/bolshevid/public/logo192.png': 'utf-8' codec can't decode byte 0x89 in position 0: invalid start byte
2025-08-15 16:16:22,341 - INFO - /home/computron/miniconda/lib/python3.12/site-packages/abstract_paths/file_handlers/file_readers.py - Loading file /var/www/html/clownworld/bolshevid/public/robots.txt with extension '.txt'.
2025-08-15 16:16:22,347 - INFO - /home/computron/miniconda/lib/python3.12/site-packages/abstract_paths/file_handlers/file_readers.py - Loading file /var/www/html/clownworld/bolshevid/build/logo.svg with extension '.svg'.
2025-08-15 16:16:22,356 - INFO - /home/computron/miniconda/lib/python3.12/site-packages/abstract_paths/file_handlers/file_readers.py - Loading file /var/www/html/clownworld/bolshevid/build/logo512.png with extension '.png'.
2025-08-15 16:16:22,358 - ERROR - /home/computron/miniconda/lib/python3.12/site-packages/abstract_paths/file_handlers/file_readers.py - Failed to read '/var/www/html/clownworld/bolshevid/build/logo512.png': 'utf-8' codec can't decode byte 0x89 in position 0: invalid start byte
2025-08-15 16:16:22,369 - INFO - /home/computron/miniconda/lib/python3.12/site-packages/abstract_paths/file_handlers/file_readers.py - Loading file /var/www/html/clownworld/bolshevid/build/favicon.ico with extension '.ico'.
2025-08-15 16:16:22,396 - ERROR - /home/computron/miniconda/lib/python3.12/site-packages/abstract_paths/file_handlers/file_readers.py - Failed to read '/var/www/html/clownworld/bolshevid/build/favicon.ico': 'utf-8' codec can't decode byte 0xe3 in position 14: invalid continuation byte
2025-08-15 16:16:22,399 - INFO - /home/computron/miniconda/lib/python3.12/site-packages/abstract_paths/file_handlers/file_readers.py - Loading file /var/www/html/clownworld/bolshevid/build/manifest.json with extension '.json'.
2025-08-15 16:16:22,411 - INFO - /home/computron/miniconda/lib/python3.12/site-packages/abstract_paths/file_handlers/file_readers.py - Loading file /var/www/html/clownworld/bolshevid/build/logo192.png with extension '.png'.
2025-08-15 16:16:22,429 - ERROR - /home/computron/miniconda/lib/python3.12/site-packages/abstract_paths/file_handlers/file_readers.py - Failed to read '/var/www/html/clownworld/bolshevid/build/logo192.png': 'utf-8' codec can't decode byte 0x89 in position 0: invalid start byte
2025-08-15 16:16:22,444 - INFO - /home/computron/miniconda/lib/python3.12/site-packages/abstract_paths/file_handlers/file_readers.py - Loading file /var/www/html/clownworld/bolshevid/build/robots.txt with extension '.txt'.
