2025-08-19 16:36:03,400 - INFO - /home/computron/miniconda/lib/python3.12/site-packages/abstract_clipit/clipitConsole/FileDropArea/functions/directory_utils.py - [2025-08-19 16:36:03] _filtered_file_list returned 29 path(s)
2025-08-19 16:36:03,400 - INFO - /home/computron/miniconda/lib/python3.12/site-packages/abstract_clipit/clipitConsole/FileDropArea/functions/directory_utils.py - [2025-08-19 16:36:03] Proceeding to process 29 file(s).
2025-08-19 16:36:03,400 - INFO - /home/computron/miniconda/lib/python3.12/site-packages/abstract_clipit/clipitConsole/FileDropArea/functions/directory_utils.py - [2025-08-19 16:36:03] Found extensions: {'.sh', '.py'}
2025-08-19 16:36:03,401 - INFO - /home/computron/miniconda/lib/python3.12/site-packages/abstract_clipit/clipitConsole/FileDropArea/functions/directory_utils.py - [2025-08-19 16:36:03] Directory pieces: {'abstract_paths', 'collectFilesTab', 'diffParserTab', 'directoryMapTab', 'pythonTools', 'robustLogger', 'junk', 'Documents', 'extractImportsTab', 'modules', 'computron', 'finderTab', 'finderConsole', 'home', 'src'}
2025-08-19 16:36:03,402 - INFO - /home/computron/miniconda/lib/python3.12/site-packages/abstract_clipit/clipitConsole/FileDropArea/functions/directory_utils.py - [2025-08-19 16:36:03] Visible extensions: {'.sh', '.py'}
2025-08-19 16:36:03,402 - INFO - /home/computron/miniconda/lib/python3.12/site-packages/abstract_clipit/clipitConsole/imports/utils.py - pieces = []
strings == []
2025-08-19 16:36:03,402 - INFO - /home/computron/miniconda/lib/python3.12/site-packages/abstract_clipit/clipitConsole/imports/utils.py - pieces = []
strings == []
2025-08-19 16:36:03,402 - INFO - /home/computron/miniconda/lib/python3.12/site-packages/abstract_clipit/clipitConsole/imports/utils.py - pieces = []
strings == []
2025-08-19 16:36:03,402 - INFO - /home/computron/miniconda/lib/python3.12/site-packages/abstract_clipit/clipitConsole/imports/utils.py - pieces = []
strings == []
2025-08-19 16:36:03,402 - INFO - /home/computron/miniconda/lib/python3.12/site-packages/abstract_clipit/clipitConsole/imports/utils.py - pieces = []
strings == []
2025-08-19 16:36:03,402 - INFO - /home/computron/miniconda/lib/python3.12/site-packages/abstract_clipit/clipitConsole/imports/utils.py - pieces = []
strings == []
2025-08-19 16:36:03,402 - INFO - /home/computron/miniconda/lib/python3.12/site-packages/abstract_clipit/clipitConsole/imports/utils.py - pieces = []
strings == []
2025-08-19 16:36:03,402 - INFO - /home/computron/miniconda/lib/python3.12/site-packages/abstract_clipit/clipitConsole/imports/utils.py - pieces = []
strings == []
2025-08-19 16:36:03,402 - INFO - /home/computron/miniconda/lib/python3.12/site-packages/abstract_clipit/clipitConsole/imports/utils.py - pieces = []
strings == []
2025-08-19 16:36:03,402 - INFO - /home/computron/miniconda/lib/python3.12/site-packages/abstract_clipit/clipitConsole/imports/utils.py - pieces = []
strings == []
2025-08-19 16:36:03,403 - INFO - /home/computron/miniconda/lib/python3.12/site-packages/abstract_clipit/clipitConsole/imports/utils.py - pieces = []
strings == []
2025-08-19 16:36:03,403 - INFO - /home/computron/miniconda/lib/python3.12/site-packages/abstract_clipit/clipitConsole/imports/utils.py - pieces = []
strings == []
2025-08-19 16:36:03,403 - INFO - /home/computron/miniconda/lib/python3.12/site-packages/abstract_clipit/clipitConsole/imports/utils.py - pieces = []
strings == []
2025-08-19 16:36:03,403 - INFO - /home/computron/miniconda/lib/python3.12/site-packages/abstract_clipit/clipitConsole/imports/utils.py - pieces = []
strings == []
2025-08-19 16:36:03,403 - INFO - /home/computron/miniconda/lib/python3.12/site-packages/abstract_clipit/clipitConsole/imports/utils.py - pieces = []
strings == []
2025-08-19 16:36:03,403 - INFO - /home/computron/miniconda/lib/python3.12/site-packages/abstract_clipit/clipitConsole/imports/utils.py - pieces = []
strings == []
2025-08-19 16:36:03,403 - INFO - /home/computron/miniconda/lib/python3.12/site-packages/abstract_clipit/clipitConsole/imports/utils.py - pieces = []
strings == []
2025-08-19 16:36:03,403 - INFO - /home/computron/miniconda/lib/python3.12/site-packages/abstract_clipit/clipitConsole/imports/utils.py - pieces = []
strings == []
2025-08-19 16:36:03,403 - INFO - /home/computron/miniconda/lib/python3.12/site-packages/abstract_clipit/clipitConsole/imports/utils.py - pieces = []
strings == []
2025-08-19 16:36:03,403 - INFO - /home/computron/miniconda/lib/python3.12/site-packages/abstract_clipit/clipitConsole/imports/utils.py - pieces = []
strings == []
2025-08-19 16:36:03,403 - INFO - /home/computron/miniconda/lib/python3.12/site-packages/abstract_clipit/clipitConsole/imports/utils.py - pieces = []
strings == []
2025-08-19 16:36:03,403 - INFO - /home/computron/miniconda/lib/python3.12/site-packages/abstract_clipit/clipitConsole/imports/utils.py - pieces = []
strings == []
2025-08-19 16:36:03,403 - INFO - /home/computron/miniconda/lib/python3.12/site-packages/abstract_clipit/clipitConsole/imports/utils.py - pieces = []
strings == []
2025-08-19 16:36:03,403 - INFO - /home/computron/miniconda/lib/python3.12/site-packages/abstract_clipit/clipitConsole/imports/utils.py - pieces = []
strings == []
2025-08-19 16:36:03,403 - INFO - /home/computron/miniconda/lib/python3.12/site-packages/abstract_clipit/clipitConsole/imports/utils.py - pieces = []
strings == []
2025-08-19 16:36:03,403 - INFO - /home/computron/miniconda/lib/python3.12/site-packages/abstract_clipit/clipitConsole/imports/utils.py - pieces = []
strings == []
2025-08-19 16:36:03,403 - INFO - /home/computron/miniconda/lib/python3.12/site-packages/abstract_clipit/clipitConsole/imports/utils.py - pieces = []
strings == []
2025-08-19 16:36:03,403 - INFO - /home/computron/miniconda/lib/python3.12/site-packages/abstract_clipit/clipitConsole/imports/utils.py - pieces = []
strings == []
2025-08-19 16:36:03,403 - INFO - /home/computron/miniconda/lib/python3.12/site-packages/abstract_clipit/clipitConsole/imports/utils.py - pieces = []
strings == []
2025-08-19 16:36:10,015 - INFO - /home/computron/miniconda/lib/python3.12/site-packages/abstract_clipit/clipitConsole/FileDropArea/functions/directory_utils.py - [2025-08-19 16:36:10] _filtered_file_list returned 29 path(s)
2025-08-19 16:36:10,015 - INFO - /home/computron/miniconda/lib/python3.12/site-packages/abstract_clipit/clipitConsole/FileDropArea/functions/directory_utils.py - [2025-08-19 16:36:10] Proceeding to process 29 file(s).
2025-08-19 16:36:10,015 - INFO - /home/computron/miniconda/lib/python3.12/site-packages/abstract_clipit/clipitConsole/FileDropArea/functions/directory_utils.py - [2025-08-19 16:36:10] Found extensions: {'.sh', '.py'}
2025-08-19 16:36:10,016 - INFO - /home/computron/miniconda/lib/python3.12/site-packages/abstract_clipit/clipitConsole/FileDropArea/functions/directory_utils.py - [2025-08-19 16:36:10] Directory pieces: {'abstract_paths', 'collectFilesTab', 'diffParserTab', 'directoryMapTab', 'pythonTools', 'robustLogger', 'junk', 'Documents', 'extractImportsTab', 'modules', 'computron', 'finderTab', 'finderConsole', 'home', 'src'}
2025-08-19 16:36:10,018 - INFO - /home/computron/miniconda/lib/python3.12/site-packages/abstract_clipit/clipitConsole/FileDropArea/functions/directory_utils.py - [2025-08-19 16:36:10] Visible extensions: {'.py'}
2025-08-19 16:36:10,018 - INFO - /home/computron/miniconda/lib/python3.12/site-packages/abstract_clipit/clipitConsole/imports/utils.py - pieces = []
strings == []
2025-08-19 16:36:10,018 - INFO - /home/computron/miniconda/lib/python3.12/site-packages/abstract_clipit/clipitConsole/imports/utils.py - pieces = []
strings == []
2025-08-19 16:36:10,018 - INFO - /home/computron/miniconda/lib/python3.12/site-packages/abstract_clipit/clipitConsole/imports/utils.py - pieces = []
strings == []
2025-08-19 16:36:10,018 - INFO - /home/computron/miniconda/lib/python3.12/site-packages/abstract_clipit/clipitConsole/imports/utils.py - pieces = []
strings == []
2025-08-19 16:36:10,018 - INFO - /home/computron/miniconda/lib/python3.12/site-packages/abstract_clipit/clipitConsole/imports/utils.py - pieces = []
strings == []
2025-08-19 16:36:10,018 - INFO - /home/computron/miniconda/lib/python3.12/site-packages/abstract_clipit/clipitConsole/imports/utils.py - pieces = []
strings == []
2025-08-19 16:36:10,019 - INFO - /home/computron/miniconda/lib/python3.12/site-packages/abstract_clipit/clipitConsole/imports/utils.py - pieces = []
strings == []
2025-08-19 16:36:10,019 - INFO - /home/computron/miniconda/lib/python3.12/site-packages/abstract_clipit/clipitConsole/imports/utils.py - pieces = []
strings == []
2025-08-19 16:36:10,019 - INFO - /home/computron/miniconda/lib/python3.12/site-packages/abstract_clipit/clipitConsole/imports/utils.py - pieces = []
strings == []
2025-08-19 16:36:10,019 - INFO - /home/computron/miniconda/lib/python3.12/site-packages/abstract_clipit/clipitConsole/imports/utils.py - pieces = []
strings == []
2025-08-19 16:36:10,019 - INFO - /home/computron/miniconda/lib/python3.12/site-packages/abstract_clipit/clipitConsole/imports/utils.py - pieces = []
strings == []
2025-08-19 16:36:10,019 - INFO - /home/computron/miniconda/lib/python3.12/site-packages/abstract_clipit/clipitConsole/imports/utils.py - pieces = []
strings == []
2025-08-19 16:36:10,019 - INFO - /home/computron/miniconda/lib/python3.12/site-packages/abstract_clipit/clipitConsole/imports/utils.py - pieces = []
strings == []
2025-08-19 16:36:10,019 - INFO - /home/computron/miniconda/lib/python3.12/site-packages/abstract_clipit/clipitConsole/imports/utils.py - pieces = []
strings == []
2025-08-19 16:36:10,019 - INFO - /home/computron/miniconda/lib/python3.12/site-packages/abstract_clipit/clipitConsole/imports/utils.py - pieces = []
strings == []
2025-08-19 16:36:10,019 - INFO - /home/computron/miniconda/lib/python3.12/site-packages/abstract_clipit/clipitConsole/imports/utils.py - pieces = []
strings == []
2025-08-19 16:36:10,019 - INFO - /home/computron/miniconda/lib/python3.12/site-packages/abstract_clipit/clipitConsole/imports/utils.py - pieces = []
strings == []
2025-08-19 16:36:10,019 - INFO - /home/computron/miniconda/lib/python3.12/site-packages/abstract_clipit/clipitConsole/imports/utils.py - pieces = []
strings == []
2025-08-19 16:36:10,020 - INFO - /home/computron/miniconda/lib/python3.12/site-packages/abstract_clipit/clipitConsole/imports/utils.py - pieces = []
strings == []
2025-08-19 16:36:10,020 - INFO - /home/computron/miniconda/lib/python3.12/site-packages/abstract_clipit/clipitConsole/imports/utils.py - pieces = []
strings == []
2025-08-19 16:36:10,020 - INFO - /home/computron/miniconda/lib/python3.12/site-packages/abstract_clipit/clipitConsole/imports/utils.py - pieces = []
strings == []
2025-08-19 16:36:10,020 - INFO - /home/computron/miniconda/lib/python3.12/site-packages/abstract_clipit/clipitConsole/imports/utils.py - pieces = []
strings == []
2025-08-19 16:36:10,020 - INFO - /home/computron/miniconda/lib/python3.12/site-packages/abstract_clipit/clipitConsole/imports/utils.py - pieces = []
strings == []
2025-08-19 16:36:10,020 - INFO - /home/computron/miniconda/lib/python3.12/site-packages/abstract_clipit/clipitConsole/imports/utils.py - pieces = []
strings == []
2025-08-19 16:36:10,020 - INFO - /home/computron/miniconda/lib/python3.12/site-packages/abstract_clipit/clipitConsole/imports/utils.py - pieces = []
strings == []
2025-08-19 16:36:10,020 - INFO - /home/computron/miniconda/lib/python3.12/site-packages/abstract_clipit/clipitConsole/imports/utils.py - pieces = []
strings == []
2025-08-19 16:36:10,020 - INFO - /home/computron/miniconda/lib/python3.12/site-packages/abstract_clipit/clipitConsole/imports/utils.py - pieces = []
strings == []
2025-08-19 16:36:10,764 - INFO - /home/computron/miniconda/lib/python3.12/site-packages/abstract_clipit/clipitConsole/FileDropArea/functions/directory_utils.py - [2025-08-19 16:36:10] _filtered_file_list returned 29 path(s)
2025-08-19 16:36:10,764 - INFO - /home/computron/miniconda/lib/python3.12/site-packages/abstract_clipit/clipitConsole/FileDropArea/functions/directory_utils.py - [2025-08-19 16:36:10] Proceeding to process 29 file(s).
2025-08-19 16:36:10,764 - INFO - /home/computron/miniconda/lib/python3.12/site-packages/abstract_clipit/clipitConsole/FileDropArea/functions/directory_utils.py - [2025-08-19 16:36:10] Found extensions: {'.sh', '.py'}
2025-08-19 16:36:10,765 - INFO - /home/computron/miniconda/lib/python3.12/site-packages/abstract_clipit/clipitConsole/FileDropArea/functions/directory_utils.py - [2025-08-19 16:36:10] Directory pieces: {'abstract_paths', 'collectFilesTab', 'diffParserTab', 'directoryMapTab', 'pythonTools', 'robustLogger', 'junk', 'Documents', 'extractImportsTab', 'modules', 'computron', 'finderTab', 'finderConsole', 'home', 'src'}
2025-08-19 16:36:10,766 - INFO - /home/computron/miniconda/lib/python3.12/site-packages/abstract_clipit/clipitConsole/FileDropArea/functions/directory_utils.py - [2025-08-19 16:36:10] Visible extensions: set()
2025-08-19 16:36:11,137 - INFO - /home/computron/miniconda/lib/python3.12/site-packages/abstract_clipit/clipitConsole/FileDropArea/functions/directory_utils.py - [2025-08-19 16:36:11] _filtered_file_list returned 29 path(s)
2025-08-19 16:36:11,137 - INFO - /home/computron/miniconda/lib/python3.12/site-packages/abstract_clipit/clipitConsole/FileDropArea/functions/directory_utils.py - [2025-08-19 16:36:11] Proceeding to process 29 file(s).
2025-08-19 16:36:11,137 - INFO - /home/computron/miniconda/lib/python3.12/site-packages/abstract_clipit/clipitConsole/FileDropArea/functions/directory_utils.py - [2025-08-19 16:36:11] Found extensions: {'.sh', '.py'}
2025-08-19 16:36:11,138 - INFO - /home/computron/miniconda/lib/python3.12/site-packages/abstract_clipit/clipitConsole/FileDropArea/functions/directory_utils.py - [2025-08-19 16:36:11] Directory pieces: {'abstract_paths', 'collectFilesTab', 'diffParserTab', 'directoryMapTab', 'pythonTools', 'robustLogger', 'junk', 'Documents', 'extractImportsTab', 'modules', 'computron', 'finderTab', 'finderConsole', 'home', 'src'}
2025-08-19 16:36:11,139 - INFO - /home/computron/miniconda/lib/python3.12/site-packages/abstract_clipit/clipitConsole/FileDropArea/functions/directory_utils.py - [2025-08-19 16:36:11] Visible extensions: {'.py'}
2025-08-19 16:36:11,140 - INFO - /home/computron/miniconda/lib/python3.12/site-packages/abstract_clipit/clipitConsole/imports/utils.py - pieces = []
strings == []
2025-08-19 16:36:11,140 - INFO - /home/computron/miniconda/lib/python3.12/site-packages/abstract_clipit/clipitConsole/imports/utils.py - pieces = []
strings == []
2025-08-19 16:36:11,140 - INFO - /home/computron/miniconda/lib/python3.12/site-packages/abstract_clipit/clipitConsole/imports/utils.py - pieces = []
strings == []
2025-08-19 16:36:11,140 - INFO - /home/computron/miniconda/lib/python3.12/site-packages/abstract_clipit/clipitConsole/imports/utils.py - pieces = []
strings == []
2025-08-19 16:36:11,140 - INFO - /home/computron/miniconda/lib/python3.12/site-packages/abstract_clipit/clipitConsole/imports/utils.py - pieces = []
strings == []
2025-08-19 16:36:11,140 - INFO - /home/computron/miniconda/lib/python3.12/site-packages/abstract_clipit/clipitConsole/imports/utils.py - pieces = []
strings == []
2025-08-19 16:36:11,140 - INFO - /home/computron/miniconda/lib/python3.12/site-packages/abstract_clipit/clipitConsole/imports/utils.py - pieces = []
strings == []
2025-08-19 16:36:11,140 - INFO - /home/computron/miniconda/lib/python3.12/site-packages/abstract_clipit/clipitConsole/imports/utils.py - pieces = []
strings == []
2025-08-19 16:36:11,140 - INFO - /home/computron/miniconda/lib/python3.12/site-packages/abstract_clipit/clipitConsole/imports/utils.py - pieces = []
strings == []
2025-08-19 16:36:11,140 - INFO - /home/computron/miniconda/lib/python3.12/site-packages/abstract_clipit/clipitConsole/imports/utils.py - pieces = []
strings == []
2025-08-19 16:36:11,140 - INFO - /home/computron/miniconda/lib/python3.12/site-packages/abstract_clipit/clipitConsole/imports/utils.py - pieces = []
strings == []
2025-08-19 16:36:11,140 - INFO - /home/computron/miniconda/lib/python3.12/site-packages/abstract_clipit/clipitConsole/imports/utils.py - pieces = []
strings == []
2025-08-19 16:36:11,140 - INFO - /home/computron/miniconda/lib/python3.12/site-packages/abstract_clipit/clipitConsole/imports/utils.py - pieces = []
strings == []
2025-08-19 16:36:11,140 - INFO - /home/computron/miniconda/lib/python3.12/site-packages/abstract_clipit/clipitConsole/imports/utils.py - pieces = []
strings == []
2025-08-19 16:36:11,140 - INFO - /home/computron/miniconda/lib/python3.12/site-packages/abstract_clipit/clipitConsole/imports/utils.py - pieces = []
strings == []
2025-08-19 16:36:11,140 - INFO - /home/computron/miniconda/lib/python3.12/site-packages/abstract_clipit/clipitConsole/imports/utils.py - pieces = []
strings == []
2025-08-19 16:36:11,140 - INFO - /home/computron/miniconda/lib/python3.12/site-packages/abstract_clipit/clipitConsole/imports/utils.py - pieces = []
strings == []
2025-08-19 16:36:11,140 - INFO - /home/computron/miniconda/lib/python3.12/site-packages/abstract_clipit/clipitConsole/imports/utils.py - pieces = []
strings == []
2025-08-19 16:36:11,141 - INFO - /home/computron/miniconda/lib/python3.12/site-packages/abstract_clipit/clipitConsole/imports/utils.py - pieces = []
strings == []
2025-08-19 16:36:11,141 - INFO - /home/computron/miniconda/lib/python3.12/site-packages/abstract_clipit/clipitConsole/imports/utils.py - pieces = []
strings == []
2025-08-19 16:36:11,141 - INFO - /home/computron/miniconda/lib/python3.12/site-packages/abstract_clipit/clipitConsole/imports/utils.py - pieces = []
strings == []
2025-08-19 16:36:11,141 - INFO - /home/computron/miniconda/lib/python3.12/site-packages/abstract_clipit/clipitConsole/imports/utils.py - pieces = []
strings == []
2025-08-19 16:36:11,141 - INFO - /home/computron/miniconda/lib/python3.12/site-packages/abstract_clipit/clipitConsole/imports/utils.py - pieces = []
strings == []
2025-08-19 16:36:11,141 - INFO - /home/computron/miniconda/lib/python3.12/site-packages/abstract_clipit/clipitConsole/imports/utils.py - pieces = []
strings == []
2025-08-19 16:36:11,141 - INFO - /home/computron/miniconda/lib/python3.12/site-packages/abstract_clipit/clipitConsole/imports/utils.py - pieces = []
strings == []
2025-08-19 16:36:11,141 - INFO - /home/computron/miniconda/lib/python3.12/site-packages/abstract_clipit/clipitConsole/imports/utils.py - pieces = []
strings == []
2025-08-19 16:36:11,141 - INFO - /home/computron/miniconda/lib/python3.12/site-packages/abstract_clipit/clipitConsole/imports/utils.py - pieces = []
strings == []
2025-08-19 16:36:19,623 - INFO - /home/computron/miniconda/lib/python3.12/site-packages/abstract_clipit/clipitConsole/FileDropArea/functions/directory_utils.py - [2025-08-19 16:36:19] _filtered_file_list returned 29 path(s)
2025-08-19 16:36:19,623 - INFO - /home/computron/miniconda/lib/python3.12/site-packages/abstract_clipit/clipitConsole/FileDropArea/functions/directory_utils.py - [2025-08-19 16:36:19] Proceeding to process 29 file(s).
2025-08-19 16:36:19,623 - INFO - /home/computron/miniconda/lib/python3.12/site-packages/abstract_clipit/clipitConsole/FileDropArea/functions/directory_utils.py - [2025-08-19 16:36:19] Found extensions: {'.sh', '.py'}
2025-08-19 16:36:19,624 - INFO - /home/computron/miniconda/lib/python3.12/site-packages/abstract_clipit/clipitConsole/FileDropArea/functions/directory_utils.py - [2025-08-19 16:36:19] Directory pieces: {'abstract_paths', 'collectFilesTab', 'diffParserTab', 'directoryMapTab', 'pythonTools', 'robustLogger', 'junk', 'Documents', 'extractImportsTab', 'modules', 'computron', 'finderTab', 'finderConsole', 'home', 'src'}
2025-08-19 16:36:19,626 - INFO - /home/computron/miniconda/lib/python3.12/site-packages/abstract_clipit/clipitConsole/FileDropArea/functions/directory_utils.py - [2025-08-19 16:36:19] Visible extensions: {'.py'}
2025-08-19 16:36:19,626 - INFO - /home/computron/miniconda/lib/python3.12/site-packages/abstract_clipit/clipitConsole/imports/utils.py - pieces = ['abstract_paths', 'abstract_paths']
strings == ['abstract_paths']
2025-08-19 16:36:19,626 - INFO - /home/computron/miniconda/lib/python3.12/site-packages/abstract_clipit/clipitConsole/imports/utils.py - pieces = ['abstract_paths', 'abstract_paths']
strings == ['abstract_paths']
2025-08-19 16:36:19,626 - INFO - /home/computron/miniconda/lib/python3.12/site-packages/abstract_clipit/clipitConsole/imports/utils.py - pieces = ['abstract_paths', 'abstract_paths']
strings == ['abstract_paths']
2025-08-19 16:36:19,626 - INFO - /home/computron/miniconda/lib/python3.12/site-packages/abstract_clipit/clipitConsole/imports/utils.py - pieces = ['abstract_paths', 'abstract_paths']
strings == ['abstract_paths']
2025-08-19 16:36:19,626 - INFO - /home/computron/miniconda/lib/python3.12/site-packages/abstract_clipit/clipitConsole/imports/utils.py - pieces = ['abstract_paths', 'abstract_paths']
strings == ['abstract_paths']
2025-08-19 16:36:19,626 - INFO - /home/computron/miniconda/lib/python3.12/site-packages/abstract_clipit/clipitConsole/imports/utils.py - pieces = ['abstract_paths', 'abstract_paths']
strings == ['abstract_paths']
2025-08-19 16:36:19,626 - INFO - /home/computron/miniconda/lib/python3.12/site-packages/abstract_clipit/clipitConsole/imports/utils.py - pieces = ['abstract_paths', 'abstract_paths']
strings == ['abstract_paths']
2025-08-19 16:36:19,626 - INFO - /home/computron/miniconda/lib/python3.12/site-packages/abstract_clipit/clipitConsole/imports/utils.py - pieces = ['abstract_paths', 'abstract_paths']
strings == ['abstract_paths']
2025-08-19 16:36:19,626 - INFO - /home/computron/miniconda/lib/python3.12/site-packages/abstract_clipit/clipitConsole/imports/utils.py - pieces = ['abstract_paths', 'abstract_paths']
strings == ['abstract_paths']
2025-08-19 16:36:19,626 - INFO - /home/computron/miniconda/lib/python3.12/site-packages/abstract_clipit/clipitConsole/imports/utils.py - pieces = ['abstract_paths', 'abstract_paths']
strings == ['abstract_paths']
2025-08-19 16:36:19,626 - INFO - /home/computron/miniconda/lib/python3.12/site-packages/abstract_clipit/clipitConsole/imports/utils.py - pieces = ['abstract_paths', 'abstract_paths']
strings == ['abstract_paths']
2025-08-19 16:36:19,626 - INFO - /home/computron/miniconda/lib/python3.12/site-packages/abstract_clipit/clipitConsole/imports/utils.py - pieces = ['abstract_paths', 'abstract_paths']
strings == ['abstract_paths']
2025-08-19 16:36:19,626 - INFO - /home/computron/miniconda/lib/python3.12/site-packages/abstract_clipit/clipitConsole/imports/utils.py - pieces = ['abstract_paths', 'abstract_paths']
strings == ['abstract_paths']
2025-08-19 16:36:19,626 - INFO - /home/computron/miniconda/lib/python3.12/site-packages/abstract_clipit/clipitConsole/imports/utils.py - pieces = ['abstract_paths', 'abstract_paths']
strings == ['abstract_paths']
2025-08-19 16:36:19,626 - INFO - /home/computron/miniconda/lib/python3.12/site-packages/abstract_clipit/clipitConsole/imports/utils.py - pieces = ['abstract_paths', 'abstract_paths']
strings == ['abstract_paths']
2025-08-19 16:36:19,626 - INFO - /home/computron/miniconda/lib/python3.12/site-packages/abstract_clipit/clipitConsole/imports/utils.py - pieces = ['abstract_paths', 'abstract_paths']
strings == ['abstract_paths']
2025-08-19 16:36:19,627 - INFO - /home/computron/miniconda/lib/python3.12/site-packages/abstract_clipit/clipitConsole/imports/utils.py - pieces = ['abstract_paths', 'abstract_paths']
strings == ['abstract_paths']
2025-08-19 16:36:19,627 - INFO - /home/computron/miniconda/lib/python3.12/site-packages/abstract_clipit/clipitConsole/imports/utils.py - pieces = ['abstract_paths', 'abstract_paths']
strings == ['abstract_paths']
2025-08-19 16:36:19,627 - INFO - /home/computron/miniconda/lib/python3.12/site-packages/abstract_clipit/clipitConsole/imports/utils.py - pieces = ['abstract_paths', 'abstract_paths']
strings == ['abstract_paths']
2025-08-19 16:36:19,627 - INFO - /home/computron/miniconda/lib/python3.12/site-packages/abstract_clipit/clipitConsole/imports/utils.py - pieces = ['abstract_paths', 'abstract_paths']
strings == ['abstract_paths']
2025-08-19 16:36:19,627 - INFO - /home/computron/miniconda/lib/python3.12/site-packages/abstract_clipit/clipitConsole/imports/utils.py - pieces = ['abstract_paths', 'abstract_paths']
strings == ['abstract_paths']
2025-08-19 16:36:19,627 - INFO - /home/computron/miniconda/lib/python3.12/site-packages/abstract_clipit/clipitConsole/imports/utils.py - pieces = ['abstract_paths', 'abstract_paths']
strings == ['abstract_paths']
2025-08-19 16:36:19,627 - INFO - /home/computron/miniconda/lib/python3.12/site-packages/abstract_clipit/clipitConsole/imports/utils.py - pieces = ['abstract_paths', 'abstract_paths']
strings == ['abstract_paths']
2025-08-19 16:36:19,627 - INFO - /home/computron/miniconda/lib/python3.12/site-packages/abstract_clipit/clipitConsole/imports/utils.py - pieces = ['abstract_paths', 'abstract_paths']
strings == ['abstract_paths']
2025-08-19 16:36:19,627 - INFO - /home/computron/miniconda/lib/python3.12/site-packages/abstract_clipit/clipitConsole/imports/utils.py - pieces = ['abstract_paths', 'abstract_paths']
strings == ['abstract_paths']
2025-08-19 16:36:19,627 - INFO - /home/computron/miniconda/lib/python3.12/site-packages/abstract_clipit/clipitConsole/imports/utils.py - pieces = ['abstract_paths', 'abstract_paths']
strings == ['abstract_paths']
2025-08-19 16:36:19,627 - INFO - /home/computron/miniconda/lib/python3.12/site-packages/abstract_clipit/clipitConsole/imports/utils.py - pieces = ['abstract_paths', 'abstract_paths']
strings == ['abstract_paths']
2025-08-19 16:36:20,065 - INFO - /home/computron/miniconda/lib/python3.12/site-packages/abstract_clipit/clipitConsole/FileDropArea/functions/directory_utils.py - [2025-08-19 16:36:20] _filtered_file_list returned 29 path(s)
2025-08-19 16:36:20,065 - INFO - /home/computron/miniconda/lib/python3.12/site-packages/abstract_clipit/clipitConsole/FileDropArea/functions/directory_utils.py - [2025-08-19 16:36:20] Proceeding to process 29 file(s).
2025-08-19 16:36:20,065 - INFO - /home/computron/miniconda/lib/python3.12/site-packages/abstract_clipit/clipitConsole/FileDropArea/functions/directory_utils.py - [2025-08-19 16:36:20] Found extensions: {'.sh', '.py'}
2025-08-19 16:36:20,066 - INFO - /home/computron/miniconda/lib/python3.12/site-packages/abstract_clipit/clipitConsole/FileDropArea/functions/directory_utils.py - [2025-08-19 16:36:20] Directory pieces: {'abstract_paths', 'collectFilesTab', 'diffParserTab', 'directoryMapTab', 'pythonTools', 'robustLogger', 'junk', 'Documents', 'extractImportsTab', 'modules', 'computron', 'finderTab', 'finderConsole', 'home', 'src'}
2025-08-19 16:36:20,068 - INFO - /home/computron/miniconda/lib/python3.12/site-packages/abstract_clipit/clipitConsole/FileDropArea/functions/directory_utils.py - [2025-08-19 16:36:20] Visible extensions: {'.py'}
2025-08-19 16:36:20,068 - INFO - /home/computron/miniconda/lib/python3.12/site-packages/abstract_clipit/clipitConsole/imports/utils.py - pieces = []
strings == []
2025-08-19 16:36:20,068 - INFO - /home/computron/miniconda/lib/python3.12/site-packages/abstract_clipit/clipitConsole/imports/utils.py - pieces = []
strings == []
2025-08-19 16:36:20,068 - INFO - /home/computron/miniconda/lib/python3.12/site-packages/abstract_clipit/clipitConsole/imports/utils.py - pieces = []
strings == []
2025-08-19 16:36:20,068 - INFO - /home/computron/miniconda/lib/python3.12/site-packages/abstract_clipit/clipitConsole/imports/utils.py - pieces = []
strings == []
2025-08-19 16:36:20,068 - INFO - /home/computron/miniconda/lib/python3.12/site-packages/abstract_clipit/clipitConsole/imports/utils.py - pieces = []
strings == []
2025-08-19 16:36:20,068 - INFO - /home/computron/miniconda/lib/python3.12/site-packages/abstract_clipit/clipitConsole/imports/utils.py - pieces = []
strings == []
2025-08-19 16:36:20,068 - INFO - /home/computron/miniconda/lib/python3.12/site-packages/abstract_clipit/clipitConsole/imports/utils.py - pieces = []
strings == []
2025-08-19 16:36:20,068 - INFO - /home/computron/miniconda/lib/python3.12/site-packages/abstract_clipit/clipitConsole/imports/utils.py - pieces = []
strings == []
2025-08-19 16:36:20,068 - INFO - /home/computron/miniconda/lib/python3.12/site-packages/abstract_clipit/clipitConsole/imports/utils.py - pieces = []
strings == []
2025-08-19 16:36:20,068 - INFO - /home/computron/miniconda/lib/python3.12/site-packages/abstract_clipit/clipitConsole/imports/utils.py - pieces = []
strings == []
2025-08-19 16:36:20,068 - INFO - /home/computron/miniconda/lib/python3.12/site-packages/abstract_clipit/clipitConsole/imports/utils.py - pieces = []
strings == []
2025-08-19 16:36:20,068 - INFO - /home/computron/miniconda/lib/python3.12/site-packages/abstract_clipit/clipitConsole/imports/utils.py - pieces = []
strings == []
2025-08-19 16:36:20,068 - INFO - /home/computron/miniconda/lib/python3.12/site-packages/abstract_clipit/clipitConsole/imports/utils.py - pieces = []
strings == []
2025-08-19 16:36:20,068 - INFO - /home/computron/miniconda/lib/python3.12/site-packages/abstract_clipit/clipitConsole/imports/utils.py - pieces = []
strings == []
2025-08-19 16:36:20,068 - INFO - /home/computron/miniconda/lib/python3.12/site-packages/abstract_clipit/clipitConsole/imports/utils.py - pieces = []
strings == []
2025-08-19 16:36:20,069 - INFO - /home/computron/miniconda/lib/python3.12/site-packages/abstract_clipit/clipitConsole/imports/utils.py - pieces = []
strings == []
2025-08-19 16:36:20,069 - INFO - /home/computron/miniconda/lib/python3.12/site-packages/abstract_clipit/clipitConsole/imports/utils.py - pieces = []
strings == []
2025-08-19 16:36:20,069 - INFO - /home/computron/miniconda/lib/python3.12/site-packages/abstract_clipit/clipitConsole/imports/utils.py - pieces = []
strings == []
2025-08-19 16:36:20,069 - INFO - /home/computron/miniconda/lib/python3.12/site-packages/abstract_clipit/clipitConsole/imports/utils.py - pieces = []
strings == []
2025-08-19 16:36:20,069 - INFO - /home/computron/miniconda/lib/python3.12/site-packages/abstract_clipit/clipitConsole/imports/utils.py - pieces = []
strings == []
2025-08-19 16:36:20,069 - INFO - /home/computron/miniconda/lib/python3.12/site-packages/abstract_clipit/clipitConsole/imports/utils.py - pieces = []
strings == []
2025-08-19 16:36:20,069 - INFO - /home/computron/miniconda/lib/python3.12/site-packages/abstract_clipit/clipitConsole/imports/utils.py - pieces = []
strings == []
2025-08-19 16:36:20,069 - INFO - /home/computron/miniconda/lib/python3.12/site-packages/abstract_clipit/clipitConsole/imports/utils.py - pieces = []
strings == []
2025-08-19 16:36:20,069 - INFO - /home/computron/miniconda/lib/python3.12/site-packages/abstract_clipit/clipitConsole/imports/utils.py - pieces = []
strings == []
2025-08-19 16:36:20,069 - INFO - /home/computron/miniconda/lib/python3.12/site-packages/abstract_clipit/clipitConsole/imports/utils.py - pieces = []
strings == []
2025-08-19 16:36:20,069 - INFO - /home/computron/miniconda/lib/python3.12/site-packages/abstract_clipit/clipitConsole/imports/utils.py - pieces = []
strings == []
2025-08-19 16:36:20,069 - INFO - /home/computron/miniconda/lib/python3.12/site-packages/abstract_clipit/clipitConsole/imports/utils.py - pieces = []
strings == []
2025-08-19 16:36:20,577 - INFO - /home/computron/miniconda/lib/python3.12/site-packages/abstract_clipit/clipitConsole/FileDropArea/functions/directory_utils.py - [2025-08-19 16:36:20] _filtered_file_list returned 29 path(s)
2025-08-19 16:36:20,577 - INFO - /home/computron/miniconda/lib/python3.12/site-packages/abstract_clipit/clipitConsole/FileDropArea/functions/directory_utils.py - [2025-08-19 16:36:20] Proceeding to process 29 file(s).
2025-08-19 16:36:20,577 - INFO - /home/computron/miniconda/lib/python3.12/site-packages/abstract_clipit/clipitConsole/FileDropArea/functions/directory_utils.py - [2025-08-19 16:36:20] Found extensions: {'.sh', '.py'}
2025-08-19 16:36:20,578 - INFO - /home/computron/miniconda/lib/python3.12/site-packages/abstract_clipit/clipitConsole/FileDropArea/functions/directory_utils.py - [2025-08-19 16:36:20] Directory pieces: {'abstract_paths', 'collectFilesTab', 'diffParserTab', 'directoryMapTab', 'pythonTools', 'robustLogger', 'junk', 'Documents', 'extractImportsTab', 'modules', 'computron', 'finderTab', 'finderConsole', 'home', 'src'}
2025-08-19 16:36:20,580 - INFO - /home/computron/miniconda/lib/python3.12/site-packages/abstract_clipit/clipitConsole/FileDropArea/functions/directory_utils.py - [2025-08-19 16:36:20] Visible extensions: {'.py'}
2025-08-19 16:36:20,580 - INFO - /home/computron/miniconda/lib/python3.12/site-packages/abstract_clipit/clipitConsole/imports/utils.py - pieces = ['abstract_paths', 'abstract_paths']
strings == ['abstract_paths']
2025-08-19 16:36:20,580 - INFO - /home/computron/miniconda/lib/python3.12/site-packages/abstract_clipit/clipitConsole/imports/utils.py - pieces = ['abstract_paths', 'abstract_paths']
strings == ['abstract_paths']
2025-08-19 16:36:20,580 - INFO - /home/computron/miniconda/lib/python3.12/site-packages/abstract_clipit/clipitConsole/imports/utils.py - pieces = ['abstract_paths', 'abstract_paths']
strings == ['abstract_paths']
2025-08-19 16:36:20,580 - INFO - /home/computron/miniconda/lib/python3.12/site-packages/abstract_clipit/clipitConsole/imports/utils.py - pieces = ['abstract_paths', 'abstract_paths']
strings == ['abstract_paths']
2025-08-19 16:36:20,580 - INFO - /home/computron/miniconda/lib/python3.12/site-packages/abstract_clipit/clipitConsole/imports/utils.py - pieces = ['abstract_paths', 'abstract_paths']
strings == ['abstract_paths']
2025-08-19 16:36:20,580 - INFO - /home/computron/miniconda/lib/python3.12/site-packages/abstract_clipit/clipitConsole/imports/utils.py - pieces = ['abstract_paths', 'abstract_paths']
strings == ['abstract_paths']
2025-08-19 16:36:20,580 - INFO - /home/computron/miniconda/lib/python3.12/site-packages/abstract_clipit/clipitConsole/imports/utils.py - pieces = ['abstract_paths', 'abstract_paths']
strings == ['abstract_paths']
2025-08-19 16:36:20,580 - INFO - /home/computron/miniconda/lib/python3.12/site-packages/abstract_clipit/clipitConsole/imports/utils.py - pieces = ['abstract_paths', 'abstract_paths']
strings == ['abstract_paths']
2025-08-19 16:36:20,580 - INFO - /home/computron/miniconda/lib/python3.12/site-packages/abstract_clipit/clipitConsole/imports/utils.py - pieces = ['abstract_paths', 'abstract_paths']
strings == ['abstract_paths']
2025-08-19 16:36:20,580 - INFO - /home/computron/miniconda/lib/python3.12/site-packages/abstract_clipit/clipitConsole/imports/utils.py - pieces = ['abstract_paths', 'abstract_paths']
strings == ['abstract_paths']
2025-08-19 16:36:20,580 - INFO - /home/computron/miniconda/lib/python3.12/site-packages/abstract_clipit/clipitConsole/imports/utils.py - pieces = ['abstract_paths', 'abstract_paths']
strings == ['abstract_paths']
2025-08-19 16:36:20,580 - INFO - /home/computron/miniconda/lib/python3.12/site-packages/abstract_clipit/clipitConsole/imports/utils.py - pieces = ['abstract_paths', 'abstract_paths']
strings == ['abstract_paths']
2025-08-19 16:36:20,580 - INFO - /home/computron/miniconda/lib/python3.12/site-packages/abstract_clipit/clipitConsole/imports/utils.py - pieces = ['abstract_paths', 'abstract_paths']
strings == ['abstract_paths']
2025-08-19 16:36:20,581 - INFO - /home/computron/miniconda/lib/python3.12/site-packages/abstract_clipit/clipitConsole/imports/utils.py - pieces = ['abstract_paths', 'abstract_paths']
strings == ['abstract_paths']
2025-08-19 16:36:20,581 - INFO - /home/computron/miniconda/lib/python3.12/site-packages/abstract_clipit/clipitConsole/imports/utils.py - pieces = ['abstract_paths', 'abstract_paths']
strings == ['abstract_paths']
2025-08-19 16:36:20,581 - INFO - /home/computron/miniconda/lib/python3.12/site-packages/abstract_clipit/clipitConsole/imports/utils.py - pieces = ['abstract_paths', 'abstract_paths']
strings == ['abstract_paths']
2025-08-19 16:36:20,581 - INFO - /home/computron/miniconda/lib/python3.12/site-packages/abstract_clipit/clipitConsole/imports/utils.py - pieces = ['abstract_paths', 'abstract_paths']
strings == ['abstract_paths']
2025-08-19 16:36:20,581 - INFO - /home/computron/miniconda/lib/python3.12/site-packages/abstract_clipit/clipitConsole/imports/utils.py - pieces = ['abstract_paths', 'abstract_paths']
strings == ['abstract_paths']
2025-08-19 16:36:20,581 - INFO - /home/computron/miniconda/lib/python3.12/site-packages/abstract_clipit/clipitConsole/imports/utils.py - pieces = ['abstract_paths', 'abstract_paths']
strings == ['abstract_paths']
2025-08-19 16:36:20,581 - INFO - /home/computron/miniconda/lib/python3.12/site-packages/abstract_clipit/clipitConsole/imports/utils.py - pieces = ['abstract_paths', 'abstract_paths']
strings == ['abstract_paths']
2025-08-19 16:36:20,581 - INFO - /home/computron/miniconda/lib/python3.12/site-packages/abstract_clipit/clipitConsole/imports/utils.py - pieces = ['abstract_paths', 'abstract_paths']
strings == ['abstract_paths']
2025-08-19 16:36:20,581 - INFO - /home/computron/miniconda/lib/python3.12/site-packages/abstract_clipit/clipitConsole/imports/utils.py - pieces = ['abstract_paths', 'abstract_paths']
strings == ['abstract_paths']
2025-08-19 16:36:20,581 - INFO - /home/computron/miniconda/lib/python3.12/site-packages/abstract_clipit/clipitConsole/imports/utils.py - pieces = ['abstract_paths', 'abstract_paths']
strings == ['abstract_paths']
2025-08-19 16:36:20,581 - INFO - /home/computron/miniconda/lib/python3.12/site-packages/abstract_clipit/clipitConsole/imports/utils.py - pieces = ['abstract_paths', 'abstract_paths']
strings == ['abstract_paths']
2025-08-19 16:36:20,581 - INFO - /home/computron/miniconda/lib/python3.12/site-packages/abstract_clipit/clipitConsole/imports/utils.py - pieces = ['abstract_paths', 'abstract_paths']
strings == ['abstract_paths']
2025-08-19 16:36:20,581 - INFO - /home/computron/miniconda/lib/python3.12/site-packages/abstract_clipit/clipitConsole/imports/utils.py - pieces = ['abstract_paths', 'abstract_paths']
strings == ['abstract_paths']
2025-08-19 16:36:20,581 - INFO - /home/computron/miniconda/lib/python3.12/site-packages/abstract_clipit/clipitConsole/imports/utils.py - pieces = ['abstract_paths', 'abstract_paths']
strings == ['abstract_paths']
2025-08-19 16:36:21,023 - INFO - /home/computron/miniconda/lib/python3.12/site-packages/abstract_clipit/clipitConsole/FileDropArea/functions/directory_utils.py - [2025-08-19 16:36:21] _filtered_file_list returned 29 path(s)
2025-08-19 16:36:21,023 - INFO - /home/computron/miniconda/lib/python3.12/site-packages/abstract_clipit/clipitConsole/FileDropArea/functions/directory_utils.py - [2025-08-19 16:36:21] Proceeding to process 29 file(s).
2025-08-19 16:36:21,023 - INFO - /home/computron/miniconda/lib/python3.12/site-packages/abstract_clipit/clipitConsole/FileDropArea/functions/directory_utils.py - [2025-08-19 16:36:21] Found extensions: {'.sh', '.py'}
2025-08-19 16:36:21,024 - INFO - /home/computron/miniconda/lib/python3.12/site-packages/abstract_clipit/clipitConsole/FileDropArea/functions/directory_utils.py - [2025-08-19 16:36:21] Directory pieces: {'abstract_paths', 'collectFilesTab', 'diffParserTab', 'directoryMapTab', 'pythonTools', 'robustLogger', 'junk', 'Documents', 'extractImportsTab', 'modules', 'computron', 'finderTab', 'finderConsole', 'home', 'src'}
2025-08-19 16:36:21,025 - INFO - /home/computron/miniconda/lib/python3.12/site-packages/abstract_clipit/clipitConsole/FileDropArea/functions/directory_utils.py - [2025-08-19 16:36:21] Visible extensions: {'.py'}
2025-08-19 16:36:21,026 - INFO - /home/computron/miniconda/lib/python3.12/site-packages/abstract_clipit/clipitConsole/imports/utils.py - pieces = []
strings == []
2025-08-19 16:36:21,026 - INFO - /home/computron/miniconda/lib/python3.12/site-packages/abstract_clipit/clipitConsole/imports/utils.py - pieces = []
strings == []
2025-08-19 16:36:21,026 - INFO - /home/computron/miniconda/lib/python3.12/site-packages/abstract_clipit/clipitConsole/imports/utils.py - pieces = []
strings == []
2025-08-19 16:36:21,026 - INFO - /home/computron/miniconda/lib/python3.12/site-packages/abstract_clipit/clipitConsole/imports/utils.py - pieces = []
strings == []
2025-08-19 16:36:21,026 - INFO - /home/computron/miniconda/lib/python3.12/site-packages/abstract_clipit/clipitConsole/imports/utils.py - pieces = []
strings == []
2025-08-19 16:36:21,026 - INFO - /home/computron/miniconda/lib/python3.12/site-packages/abstract_clipit/clipitConsole/imports/utils.py - pieces = []
strings == []
2025-08-19 16:36:21,026 - INFO - /home/computron/miniconda/lib/python3.12/site-packages/abstract_clipit/clipitConsole/imports/utils.py - pieces = []
strings == []
2025-08-19 16:36:21,026 - INFO - /home/computron/miniconda/lib/python3.12/site-packages/abstract_clipit/clipitConsole/imports/utils.py - pieces = []
strings == []
2025-08-19 16:36:21,026 - INFO - /home/computron/miniconda/lib/python3.12/site-packages/abstract_clipit/clipitConsole/imports/utils.py - pieces = []
strings == []
2025-08-19 16:36:21,026 - INFO - /home/computron/miniconda/lib/python3.12/site-packages/abstract_clipit/clipitConsole/imports/utils.py - pieces = []
strings == []
2025-08-19 16:36:21,026 - INFO - /home/computron/miniconda/lib/python3.12/site-packages/abstract_clipit/clipitConsole/imports/utils.py - pieces = []
strings == []
2025-08-19 16:36:21,026 - INFO - /home/computron/miniconda/lib/python3.12/site-packages/abstract_clipit/clipitConsole/imports/utils.py - pieces = []
strings == []
2025-08-19 16:36:21,026 - INFO - /home/computron/miniconda/lib/python3.12/site-packages/abstract_clipit/clipitConsole/imports/utils.py - pieces = []
strings == []
2025-08-19 16:36:21,026 - INFO - /home/computron/miniconda/lib/python3.12/site-packages/abstract_clipit/clipitConsole/imports/utils.py - pieces = []
strings == []
2025-08-19 16:36:21,026 - INFO - /home/computron/miniconda/lib/python3.12/site-packages/abstract_clipit/clipitConsole/imports/utils.py - pieces = []
strings == []
2025-08-19 16:36:21,026 - INFO - /home/computron/miniconda/lib/python3.12/site-packages/abstract_clipit/clipitConsole/imports/utils.py - pieces = []
strings == []
2025-08-19 16:36:21,026 - INFO - /home/computron/miniconda/lib/python3.12/site-packages/abstract_clipit/clipitConsole/imports/utils.py - pieces = []
strings == []
2025-08-19 16:36:21,026 - INFO - /home/computron/miniconda/lib/python3.12/site-packages/abstract_clipit/clipitConsole/imports/utils.py - pieces = []
strings == []
2025-08-19 16:36:21,026 - INFO - /home/computron/miniconda/lib/python3.12/site-packages/abstract_clipit/clipitConsole/imports/utils.py - pieces = []
strings == []
2025-08-19 16:36:21,027 - INFO - /home/computron/miniconda/lib/python3.12/site-packages/abstract_clipit/clipitConsole/imports/utils.py - pieces = []
strings == []
2025-08-19 16:36:21,027 - INFO - /home/computron/miniconda/lib/python3.12/site-packages/abstract_clipit/clipitConsole/imports/utils.py - pieces = []
strings == []
2025-08-19 16:36:21,027 - INFO - /home/computron/miniconda/lib/python3.12/site-packages/abstract_clipit/clipitConsole/imports/utils.py - pieces = []
strings == []
2025-08-19 16:36:21,027 - INFO - /home/computron/miniconda/lib/python3.12/site-packages/abstract_clipit/clipitConsole/imports/utils.py - pieces = []
strings == []
2025-08-19 16:36:21,027 - INFO - /home/computron/miniconda/lib/python3.12/site-packages/abstract_clipit/clipitConsole/imports/utils.py - pieces = []
strings == []
2025-08-19 16:36:21,027 - INFO - /home/computron/miniconda/lib/python3.12/site-packages/abstract_clipit/clipitConsole/imports/utils.py - pieces = []
strings == []
2025-08-19 16:36:21,027 - INFO - /home/computron/miniconda/lib/python3.12/site-packages/abstract_clipit/clipitConsole/imports/utils.py - pieces = []
strings == []
2025-08-19 16:36:21,027 - INFO - /home/computron/miniconda/lib/python3.12/site-packages/abstract_clipit/clipitConsole/imports/utils.py - pieces = []
strings == []
