2025-08-22 05:13:08,550 - INFO - /home/computron/miniconda/lib/python3.12/site-packages/abstract_clipit/clipit/FileDropArea/functions/directory_utils.py - [2025-08-22 05:13:08] _filtered_file_list returned 15 path(s)
2025-08-22 05:13:08,551 - INFO - /home/computron/miniconda/lib/python3.12/site-packages/abstract_clipit/clipit/FileDropArea/functions/directory_utils.py - [2025-08-22 05:13:08] Proceeding to process 15 file(s).
2025-08-22 05:13:08,552 - INFO - /home/computron/miniconda/lib/python3.12/site-packages/abstract_clipit/clipit/FileDropArea/functions/directory_utils.py - [2025-08-22 05:13:08] Found extensions: {'.py'}
2025-08-22 05:13:08,554 - INFO - /home/computron/miniconda/lib/python3.12/site-packages/abstract_clipit/clipit/FileDropArea/functions/directory_utils.py - [2025-08-22 05:13:08] Directory pieces: {'content_utils', 'finderConsole', 'consoles', 'abstract_paths', 'functions', 'pythonTools', 'modules', 'src', 'tabs', 'flowLayout', 'computron', 'functionsTab', 'home', 'junk', 'Documents'}
2025-08-22 05:13:08,556 - INFO - /home/computron/miniconda/lib/python3.12/site-packages/abstract_clipit/clipit/FileDropArea/functions/directory_utils.py - [2025-08-22 05:13:08] Visible extensions: {'.py'}
2025-08-22 05:13:08,557 - INFO - /home/computron/miniconda/lib/python3.12/site-packages/abstract_clipit/clipit/imports/utils.py - pieces = []
strings == []
2025-08-22 05:13:08,558 - INFO - /home/computron/miniconda/lib/python3.12/site-packages/abstract_clipit/clipit/imports/utils.py - pieces = []
strings == []
2025-08-22 05:13:08,559 - INFO - /home/computron/miniconda/lib/python3.12/site-packages/abstract_clipit/clipit/imports/utils.py - pieces = []
strings == []
2025-08-22 05:13:08,560 - INFO - /home/computron/miniconda/lib/python3.12/site-packages/abstract_clipit/clipit/imports/utils.py - pieces = []
strings == []
2025-08-22 05:13:08,560 - INFO - /home/computron/miniconda/lib/python3.12/site-packages/abstract_clipit/clipit/imports/utils.py - pieces = []
strings == []
2025-08-22 05:13:08,561 - INFO - /home/computron/miniconda/lib/python3.12/site-packages/abstract_clipit/clipit/imports/utils.py - pieces = []
strings == []
2025-08-22 05:13:08,562 - INFO - /home/computron/miniconda/lib/python3.12/site-packages/abstract_clipit/clipit/imports/utils.py - pieces = []
strings == []
2025-08-22 05:13:08,563 - INFO - /home/computron/miniconda/lib/python3.12/site-packages/abstract_clipit/clipit/imports/utils.py - pieces = []
strings == []
2025-08-22 05:13:08,564 - INFO - /home/computron/miniconda/lib/python3.12/site-packages/abstract_clipit/clipit/imports/utils.py - pieces = []
strings == []
2025-08-22 05:13:08,565 - INFO - /home/computron/miniconda/lib/python3.12/site-packages/abstract_clipit/clipit/imports/utils.py - pieces = []
strings == []
2025-08-22 05:13:08,565 - INFO - /home/computron/miniconda/lib/python3.12/site-packages/abstract_clipit/clipit/imports/utils.py - pieces = []
strings == []
2025-08-22 05:13:08,566 - INFO - /home/computron/miniconda/lib/python3.12/site-packages/abstract_clipit/clipit/imports/utils.py - pieces = []
strings == []
2025-08-22 05:13:08,568 - INFO - /home/computron/miniconda/lib/python3.12/site-packages/abstract_clipit/clipit/imports/utils.py - pieces = []
strings == []
2025-08-22 05:13:08,569 - INFO - /home/computron/miniconda/lib/python3.12/site-packages/abstract_clipit/clipit/imports/utils.py - pieces = []
strings == []
2025-08-22 05:13:08,570 - INFO - /home/computron/miniconda/lib/python3.12/site-packages/abstract_clipit/clipit/imports/utils.py - pieces = []
strings == []
